                                 E T A B S (R)                                  

                                 Version 9.5.0.0                                

                            Copyright (C) 1984-2008                             
                         COMPUTERS AND STRUCTURES, INC.                         
                              All rights reserved                               

                 This copy of ETABS is for the exclusive use of                 

                                  THE LICENSEE                                  

           Unauthorized use is in violation of Federal copyright laws           

               It is the responsibility of the user to verify all               
                        results produced by this program                        

                              3 Dec 2019  18:13:10                              
 Program ETABS Version 9.5.0.0     File:198-17-E6-Social-Caminos de fontibon.OUT
                                                                            Page
                                                                               1

 C O N S T R A I N T   C O O R D I N A T E S   A N D   M A S S E S

 CONS       1 ================== TYPE = DIAPH, NORMAL DIRECTION = U3

                     LOCAL COORDINATE SYSTEM FOR CONSTRAINT MASTER
  GLOBAL          U1          U2          U3          R1          R2          R3
     X      1.000000     .000000     .000000    1.000000     .000000     .000000
     Y       .000000    1.000000     .000000     .000000    1.000000     .000000
     Z       .000000     .000000    1.000000     .000000     .000000    1.000000

                     TRANSLATIONAL MASS AND MASS MOMENTS OF INERTIA
                  U1          U2          U3          R1          R2          R3
           26.368437   26.368437     .000000     .000000     .000000    2235.932

                     CENTER OF MASS
  GLOBAL          U1          U2          U3
     X      7.934223    7.934223    8.536831
     Y     12.902458   12.902458   15.372987
     Z      6.200000    6.200000    6.200000

 CONS       2 ================== TYPE = DIAPH, NORMAL DIRECTION = U3

                     LOCAL COORDINATE SYSTEM FOR CONSTRAINT MASTER
  GLOBAL          U1          U2          U3          R1          R2          R3
     X      1.000000     .000000     .000000    1.000000     .000000     .000000
     Y       .000000    1.000000     .000000     .000000    1.000000     .000000
     Z       .000000     .000000    1.000000     .000000     .000000    1.000000

                     TRANSLATIONAL MASS AND MASS MOMENTS OF INERTIA
                  U1          U2          U3          R1          R2          R3
            1.969804    1.969804     .000000     .000000     .000000   11.166013

                     CENTER OF MASS
  GLOBAL          U1          U2          U3
     X     11.331249   11.331249   10.641021
     Y     21.725222   21.725222   21.706763
     Z      2.850000    2.850000    2.850000
 Program ETABS Version 9.5.0.0     File:198-17-E6-Social-Caminos de fontibon.OUT
                                                                            Page
                                                                               2

 D I S P L A C E M E N T   D E G R E E S   O F   F R E E D O M

         (A) = Active DOF, equilibrium equation
         (-) = Restrained DOF, reaction computed
         (+) = Constrained DOF
         (>) = External substructure DOF
         ( ) = Null DOF

  JOINTS              UX  UY  UZ  RX  RY  RZ
       1               +   +   A   A   A   +
       2               +   +               +
       3 TO      13    +   +   A   A   A   +
      14               +   +               +
      15 TO      41    +   +   A   A   A   +
      42               +   +               +
      43               -   -   -   -   -   -
      44               +   +   A   A   A   +
      45 TO      47    -   -   -   -   -   -
      48 TO      99    +   +   A   A   A   +
     100 TO     110    -   -   -   -   -   -
     111 TO     206    A   A   A   A   A   A
     207               -   -   -   -   -   -
     208 TO     253    -   -   -   A   A   A
     254               -   -   -   -   -   -

  CONSTRAINTS         U1  U2  U3  R1  R2  R3
       1 TO       2    A   A               A
 Program ETABS Version 9.5.0.0     File:198-17-E6-Social-Caminos de fontibon.OUT
                                                                            Page
                                                                               3

 A S S E M B L E D   J O I N T   M A S S E S

 IN GLOBAL COORDINATES

   JOINT          UX          UY          UZ          RX          RY          RZ
       2   26.368437   26.368437     .000000     .000000     .000000    2235.932
      42    1.969804    1.969804     .000000     .000000     .000000   11.166013
      43    0.049244    0.049244     .000000     .000000     .000000     .000000
      45    0.049244    0.049244     .000000     .000000     .000000     .000000
      46    0.036933    0.036933     .000000     .000000     .000000     .000000
      47    0.036933    0.036933     .000000     .000000     .000000     .000000
     100    0.036933    0.036933     .000000     .000000     .000000     .000000
     101    0.065659    0.065659     .000000     .000000     .000000     .000000
     102    0.065659    0.065659     .000000     .000000     .000000     .000000
     103    0.049244    0.049244     .000000     .000000     .000000     .000000
     104    0.049244    0.049244     .000000     .000000     .000000     .000000
     105    0.036933    0.036933     .000000     .000000     .000000     .000000
     106    0.049244    0.049244     .000000     .000000     .000000     .000000
     107    0.049244    0.049244     .000000     .000000     .000000     .000000
     108    0.036933    0.036933     .000000     .000000     .000000     .000000
     109    0.049244    0.049244     .000000     .000000     .000000     .000000
     110    0.065659    0.065659     .000000     .000000     .000000     .000000
     207    0.047277    0.047277     .000000     .000000     .000000     .000000
     208    0.016758    0.016758     .000000     .000000     .000000     .000000
     209    0.019551    0.019551     .000000     .000000     .000000     .000000
     210    0.015623    0.015623     .000000     .000000     .000000     .000000
     211    0.015623    0.015623     .000000     .000000     .000000     .000000
     212    0.015623    0.015623     .000000     .000000     .000000     .000000
     213    0.017194    0.017194     .000000     .000000     .000000     .000000
     214    0.016010    0.016010     .000000     .000000     .000000     .000000
     215    0.016010    0.016010     .000000     .000000     .000000     .000000
     216    0.016010    0.016010     .000000     .000000     .000000     .000000
     217    0.016010    0.016010     .000000     .000000     .000000     .000000
     218    0.016010    0.016010     .000000     .000000     .000000     .000000
     219    0.017581    0.017581     .000000     .000000     .000000     .000000
     220    0.017805    0.017805     .000000     .000000     .000000     .000000
     221    0.016234    0.016234     .000000     .000000     .000000     .000000
     222    0.016234    0.016234     .000000     .000000     .000000     .000000
     223    0.016234    0.016234     .000000     .000000     .000000     .000000
     224    0.016234    0.016234     .000000     .000000     .000000     .000000
     225    0.016234    0.016234     .000000     .000000     .000000     .000000
     226    0.013878    0.013878     .000000     .000000     .000000     .000000
     227    0.007419    0.007419     .000000     .000000     .000000     .000000
     228    0.015856    0.015856     .000000     .000000     .000000     .000000
     229    0.016365    0.016365     .000000     .000000     .000000     .000000
     230    0.014605    0.014605     .000000     .000000     .000000     .000000
     231    0.017107    0.017107     .000000     .000000     .000000     .000000
     232    0.015856    0.015856     .000000     .000000     .000000     .000000
     233    0.015856    0.015856     .000000     .000000     .000000     .000000
     234    0.015856    0.015856     .000000     .000000     .000000     .000000
     235    0.015856    0.015856     .000000     .000000     .000000     .000000
     236    0.015856    0.015856     .000000     .000000     .000000     .000000
 Program ETABS Version 9.5.0.0     File:198-17-E6-Social-Caminos de fontibon.OUT
                                                                            Page
                                                                               4

 A S S E M B L E D   J O I N T   M A S S E S

 IN GLOBAL COORDINATES

   JOINT          UX          UY          UZ          RX          RY          RZ
     237    0.015856    0.015856     .000000     .000000     .000000     .000000
     238    0.016758    0.016758     .000000     .000000     .000000     .000000
     239    0.016758    0.016758     .000000     .000000     .000000     .000000
     240    0.014663    0.014663     .000000     .000000     .000000     .000000
     241    0.018853    0.018853     .000000     .000000     .000000     .000000
     242    0.016758    0.016758     .000000     .000000     .000000     .000000
     243    0.016758    0.016758     .000000     .000000     .000000     .000000
     244    0.016758    0.016758     .000000     .000000     .000000     .000000
     245    0.016758    0.016758     .000000     .000000     .000000     .000000
     246    0.017674    0.017674     .000000     .000000     .000000     .000000
     247    0.017674    0.017674     .000000     .000000     .000000     .000000
     248    0.017674    0.017674     .000000     .000000     .000000     .000000
     249    0.008379    0.008379     .000000     .000000     .000000     .000000
     250    0.017387    0.017387     .000000     .000000     .000000     .000000
     251    0.026792    0.026792     .000000     .000000     .000000     .000000
     252    0.018525    0.018525     .000000     .000000     .000000     .000000
     253    0.013688    0.013688     .000000     .000000     .000000     .000000
     254    0.053634    0.053634     .000000     .000000     .000000     .000000


 T O T A L   A S S E M B L E D   J O I N T   M A S S E S

 IN GLOBAL COORDINATES

                  UX          UY          UZ          RX          RY          RZ
   TOTAL   29.914704   29.914704     .000000     .000000     .000000    2247.098


 T O T A L   A C C E L E R A T E D   M A S S   A N D   L O C A T I O N

 TOTAL MASS ACTIVATED BY ACCELERATION LOADS, IN GLOBAL COORDINATES

                  UX          UY          UZ
    MASS   28.338240   28.338240     .000000
   X-LOC    8.170351    8.170351     .000000
   Y-LOC   13.515732   13.515732     .000000
   Z-LOC    5.967140    5.967140     .000000
 Program ETABS Version 9.5.0.0     File:198-17-E6-Social-Caminos de fontibon.OUT
                                                                            Page
                                                                               5

 M O D A L   P E R I O D S   A N D   F R E Q U E N C I E S

    MODE      PERIOD   FREQUENCY   FREQUENCY  EIGENVALUE
              (TIME)  (CYC/TIME)  (RAD/TIME)  (RAD/TIME)**2

       1    0.297040    3.366552   21.152670  447.435438
       2    0.282886    3.534987   22.210981  493.327672
       3    0.258148    3.873745   24.339459  592.409280
       4    0.037722   26.509562  166.564494   27743.731
       5    0.015440   64.768205  406.950636  165608.821
       6    0.012545   79.711901  500.844647  250845.360
 Program ETABS Version 9.5.0.0     File:198-17-E6-Social-Caminos de fontibon.OUT
                                                                            Page
                                                                               6

 M O D A L   P A R T I C I P A T I O N   F A C T O R S

 FOR UNIT ACCELERATION LOADS IN GLOBAL COORDINATES

    MODE      PERIOD          UX          UY          UZ
       1    0.297040   -0.258529   -5.129907     .000000
       2    0.282886    5.118621   -0.245043     .000000
       3    0.258148    0.358654   -0.249801     .000000
       4    0.037722   -0.077985    1.182630     .000000
       5    0.015440   -1.391257   -0.064496     .000000
       6    0.012545   -0.028568   -0.705032     .000000
 Program ETABS Version 9.5.0.0     File:198-17-E6-Social-Caminos de fontibon.OUT
                                                                            Page
                                                                               7

 M O D A L   P A R T I C I P A T I N G   M A S S   R A T I O S

    MODE      PERIOD    INDIVIDUAL MODE (PERCENT)     CUMULATIVE SUM (PERCENT)
                             UX       UY       UZ         UX       UY       UZ

       1    0.297040     0.2359  92.8637   0.0000     0.2359  92.8637   0.0000
       2    0.282886    92.4556   0.2119   0.0000    92.6914  93.0756   0.0000
       3    0.258148     0.4539   0.2202   0.0000    93.1453  93.2958   0.0000
       4    0.037722     0.0215   4.9354   0.0000    93.1668  98.2313   0.0000
       5    0.015440     6.8303   0.0147   0.0000    99.9971  98.2459   0.0000
       6    0.012545     0.0029   1.7541   0.0000   100.0000 100.0000   0.0000
 Program ETABS Version 9.5.0.0     File:198-17-E6-Social-Caminos de fontibon.OUT
                                                                            Page
                                                                               8

 M O D A L   L O A D   P A R T I C I P A T I O N   R A T I O S

 LOAD, ACC, OR LINK/DEF        STATIC    DYNAMIC                       EFFECTIVE
        (TYPE)      (NAME)   (PERCENT)  (PERCENT)                         PERIOD

         LOAD    DEAD          0.4320 ->  0.0000<- (*) SEE NOTE         0.016958
         LOAD    LIVE          0.6159 ->  0.0000<- (*) SEE NOTE         0.021763
         LOAD    EX1         100.0000   100.0000                        0.023664
         LOAD    EX2         100.0000   100.0000                        0.019666
         LOAD    EY1         100.0000   100.0000                        0.041487
         LOAD    EY2         100.0000   100.0000                        0.040745
         LOAD    H           100.0000   100.0000                        0.036133
         LOAD    A             0.5330 ->  0.0000<- (*) SEE NOTE         0.020486
         LOAD    TRIBUTAR      0.0000     0.0000                      -INFINITY-
         LOAD    SX            0.0000     0.0000                      -INFINITY-
         LOAD    SXD           0.0000     0.0000                      -INFINITY-
         LOAD    SY            0.0000     0.0000                      -INFINITY-
         LOAD    SYD           0.0000     0.0000                      -INFINITY-
          ACC          UX    100.0000   100.0000                        0.282800
          ACC          UY    100.0000   100.0000                        0.296817
          ACC          UZ      0.0000     0.0000                      -INFINITY-
          ACC          RX    100.0000   100.0000                        0.296919
          ACC          RY    100.0000   100.0000                        0.282824
          ACC          RZ    117.5332   100.0000                        0.638159

 (*) NOTE: DYNAMIC LOAD PARTICIPATION RATIO EXCLUDES LOAD APPLIED
           TO NON-MASS DEGREES OF FREEDOM
 Program ETABS Version 9.5.0.0     File:198-17-E6-Social-Caminos de fontibon.OUT
                                                                            Page
                                                                               9

 G L O B A L   F O R C E   B A L A N C E

 TOTAL FORCE AND MOMENT AT THE ORIGIN, IN GLOBAL COORDINATES

 LOADDEAD     ------------------    

                  FX          FY          FZ          MX          MY          MZ
 APPLIED     .000000     .000000 -297.303709   -4074.744    2440.112     .000000
 INERTIA     .000000     .000000     .000000     .000000     .000000     .000000
 REACTNS   -4.57E-14   -2.09E-13  297.303709    4074.729   -2440.266    0.000140
 CONSTRS   -2.75E-14    1.59E-13     .000000   -9.70E-13   -1.35E-13    4.44E-12
 P-DELTA     .000000     .000000     .000000    0.013696    0.152317   -4.05E-20

   TOTAL   -7.32E-14   -4.98E-14   -3.41E-13   -0.000623   -0.002161    0.000140

 LOADLIVE     ------------------    

                  FX          FY          FZ          MX          MY          MZ
 APPLIED     .000000     .000000 -180.458010   -2268.604    1428.366     .000000
 INERTIA     .000000     .000000     .000000     .000000     .000000     .000000
 REACTNS   -7.23E-14   -1.26E-13  180.458010    2268.628   -1428.503    3.55E-05
 CONSTRS    4.31E-14    8.13E-14     .000000   -4.95E-13    2.88E-13    8.17E-13
 P-DELTA     .000000     .000000     .000000   -0.024175    0.136144   -2.15E-20

   TOTAL   -2.92E-14   -4.44E-14    2.84E-14   -0.000217   -0.001011    3.55E-05

 LOADEX1      ------------------    

                  FX          FY          FZ          MX          MY          MZ
 APPLIED    9.412740     .000000     .000000     .000000   26.826310 -180.706777
 INERTIA     .000000     .000000     .000000     .000000     .000000     .000000
 REACTNS   -9.412740   -8.68E-15   -1.80E-14   -0.000707  -26.828669  180.706778
 CONSTRS   -7.77E-16    1.28E-14     .000000   -6.51E-14   -4.73E-15    2.96E-14
 P-DELTA     .000000     .000000     .000000    0.000131    0.001211   -4.77E-21

   TOTAL    2.94E-14    4.15E-15   -1.80E-14   -0.000576   -0.001148    7.40E-07

 LOADEX2      ------------------    

                  FX          FY          FZ          MX          MY          MZ
 APPLIED    9.412740     .000000     .000000     .000000   26.826310 -177.509012
 INERTIA     .000000     .000000     .000000     .000000     .000000     .000000
 REACTNS   -9.412740   -3.82E-15   -1.24E-14   -1.29E-05  -26.828362  177.508952
 CONSTRS   -7.16E-15    6.23E-15     .000000   -3.94E-14   -2.35E-14    3.25E-13
 P-DELTA     .000000     .000000     .000000   -4.74E-05    0.000865   -1.29E-21

   TOTAL    3.55E-14    2.41E-15   -1.24E-14   -6.03E-05   -0.001187   -6.03E-05
 Program ETABS Version 9.5.0.0     File:198-17-E6-Social-Caminos de fontibon.OUT
                                                                            Page
                                                                              10

 G L O B A L   F O R C E   B A L A N C E

 TOTAL FORCE AND MOMENT AT THE ORIGIN, IN GLOBAL COORDINATES

 LOADEY1      ------------------    

                  FX          FY          FZ          MX          MY          MZ
 APPLIED     .000000    9.412740     .000000  -26.826310     .000000   98.239411
 INERTIA     .000000     .000000     .000000     .000000     .000000     .000000
 REACTNS    8.08E-14   -9.412740    3.64E-14   26.833731    0.002247  -98.239828
 CONSTRS    4.56E-14   -4.66E-14     .000000    1.95E-13    1.35E-13   -1.80E-12
 P-DELTA     .000000     .000000     .000000   -0.001900   -0.002381    2.36E-20

   TOTAL    1.26E-13   -9.81E-14    3.64E-14    0.005520   -0.000135   -0.000417

 LOADEY2      ------------------    

                  FX          FY          FZ          MX          MY          MZ
 APPLIED     .000000    9.412740     .000000  -26.826310     .000000   94.491493
 INERTIA     .000000     .000000     .000000     .000000     .000000     .000000
 REACTNS    6.36E-14   -9.412740    2.58E-14   26.832918    0.001887  -94.491838
 CONSTRS    2.55E-14   -3.90E-14     .000000    1.60E-13    8.57E-14   -7.50E-14
 P-DELTA     .000000     .000000     .000000   -0.001691   -0.001976    1.95E-20

   TOTAL    8.92E-14   -9.76E-14    2.58E-14    0.004916   -8.93E-05   -0.000346

 LOADH        ------------------    

                  FX          FY          FZ          MX          MY          MZ
 APPLIED    4.157100    3.665400     .000000  -10.446390   11.847735  -47.279413
 INERTIA     .000000     .000000     .000000     .000000     .000000     .000000
 REACTNS   -4.157100   -3.665400    1.37E-14   10.450237  -11.847823   47.279164
 CONSTRS    6.72E-15   -1.67E-14     .000000    6.69E-14    2.51E-14    6.62E-13
 P-DELTA     .000000     .000000     .000000   -0.001016   -0.000696    1.13E-20

   TOTAL    7.07E-14   -4.46E-14    1.37E-14    0.002831   -0.000783   -0.000250

 LOADA        ------------------    

                  FX          FY          FZ          MX          MY          MZ
 APPLIED     .000000     .000000  -35.822334 -447.777716  280.219819     .000000
 INERTIA     .000000     .000000     .000000     .000000     .000000     .000000
 REACTNS   -1.56E-14   -2.62E-14   35.822334  447.780547 -280.246779    1.47E-05
 CONSTRS    1.17E-15    1.60E-14     .000000   -9.96E-14    8.70E-15    9.04E-14
 P-DELTA     .000000     .000000     .000000   -0.002847    0.026845   -4.21E-21

   TOTAL   -1.44E-14   -1.02E-14     .000000   -1.52E-05   -0.000115    1.47E-05
 Program ETABS Version 9.5.0.0     File:198-17-E6-Social-Caminos de fontibon.OUT
                                                                            Page
                                                                              11

 G L O B A L   F O R C E   B A L A N C E

 TOTAL FORCE AND MOMENT AT THE ORIGIN, IN GLOBAL COORDINATES

 LOADTRIBUTAR ------------------    

                  FX          FY          FZ          MX          MY          MZ
 APPLIED     .000000     .000000     .000000     .000000     .000000     .000000
 INERTIA     .000000     .000000     .000000     .000000     .000000     .000000
 REACTNS     .000000     .000000     .000000     .000000     .000000     .000000
 CONSTRS     .000000     .000000     .000000     .000000     .000000     .000000
 P-DELTA     .000000     .000000     .000000     .000000     .000000     .000000

   TOTAL     .000000     .000000     .000000     .000000     .000000     .000000

 LOADSX       ------------------    

                  FX          FY          FZ          MX          MY          MZ
 APPLIED     .000000     .000000     .000000     .000000     .000000     .000000
 INERTIA     .000000     .000000     .000000     .000000     .000000     .000000
 REACTNS     .000000     .000000     .000000     .000000     .000000     .000000
 CONSTRS     .000000     .000000     .000000     .000000     .000000     .000000
 P-DELTA     .000000     .000000     .000000     .000000     .000000     .000000

   TOTAL     .000000     .000000     .000000     .000000     .000000     .000000

 LOADSXD      ------------------    

                  FX          FY          FZ          MX          MY          MZ
 APPLIED     .000000     .000000     .000000     .000000     .000000     .000000
 INERTIA     .000000     .000000     .000000     .000000     .000000     .000000
 REACTNS     .000000     .000000     .000000     .000000     .000000     .000000
 CONSTRS     .000000     .000000     .000000     .000000     .000000     .000000
 P-DELTA     .000000     .000000     .000000     .000000     .000000     .000000

   TOTAL     .000000     .000000     .000000     .000000     .000000     .000000

 LOADSY       ------------------    

                  FX          FY          FZ          MX          MY          MZ
 APPLIED     .000000     .000000     .000000     .000000     .000000     .000000
 INERTIA     .000000     .000000     .000000     .000000     .000000     .000000
 REACTNS     .000000     .000000     .000000     .000000     .000000     .000000
 CONSTRS     .000000     .000000     .000000     .000000     .000000     .000000
 P-DELTA     .000000     .000000     .000000     .000000     .000000     .000000

   TOTAL     .000000     .000000     .000000     .000000     .000000     .000000
 Program ETABS Version 9.5.0.0     File:198-17-E6-Social-Caminos de fontibon.OUT
                                                                            Page
                                                                              12

 G L O B A L   F O R C E   B A L A N C E

 TOTAL FORCE AND MOMENT AT THE ORIGIN, IN GLOBAL COORDINATES

 LOADSYD      ------------------    

                  FX          FY          FZ          MX          MY          MZ
 APPLIED     .000000     .000000     .000000     .000000     .000000     .000000
 INERTIA     .000000     .000000     .000000     .000000     .000000     .000000
 REACTNS     .000000     .000000     .000000     .000000     .000000     .000000
 CONSTRS     .000000     .000000     .000000     .000000     .000000     .000000
 P-DELTA     .000000     .000000     .000000     .000000     .000000     .000000

   TOTAL     .000000     .000000     .000000     .000000     .000000     .000000

 MODE       1 ------------------    

                  FX          FY          FZ          MX          MY          MZ
 APPLIED     .000000     .000000     .000000     .000000     .000000     .000000
 INERTIA -115.675158   -2295.302     .000000   14220.303 -717.691061  -17718.063
 REACTNS  115.675158    2295.302   -2.40E-12  -14305.303  722.083121   17718.065
 CONSTRS   -1.93E-12   -2.43E-11     .000000    1.53E-10   -9.40E-12    3.84E-09
 P-DELTA     .000000     .000000     .000000   84.894210   -4.383342   -5.27E-18

   TOTAL    1.43E-11   -4.07E-11   -2.40E-12   -0.106080    0.008717    0.002225

 MODE       2 ------------------    

                  FX          FY          FZ          MX          MY          MZ
 APPLIED     .000000     .000000     .000000     .000000     .000000     .000000
 INERTIA    2525.157 -120.886581     .000000  742.817627   15651.153  -35259.475
 REACTNS   -2525.157  120.886581   -2.25E-12 -746.810196  -15735.877   35259.482
 CONSTRS    1.42E-11    2.98E-11     .000000   -1.84E-10    9.21E-11    1.12E-09
 P-DELTA     .000000     .000000     .000000    3.888094   84.659949   -7.78E-18

   TOTAL   -4.54E-11   -1.82E-11   -2.25E-12   -0.104476   -0.064767    0.007006

 MODE       3 ------------------    

                  FX          FY          FZ          MX          MY          MZ
 APPLIED     .000000     .000000     .000000     .000000     .000000     .000000
 INERTIA  212.470020 -147.984178     .000000  931.311254    1323.003   24027.464
 REACTNS -212.470020  147.984178    2.61E-12 -936.252575   -1331.208  -24027.475
 CONSTRS    5.70E-11   -4.01E-10     .000000    2.50E-09    3.54E-10   -4.07E-09
 P-DELTA     .000000     .000000     .000000    5.103297    8.259869    1.00E-16

   TOTAL    2.12E-11    6.34E-11    2.61E-12    0.161975    0.054815   -0.010508
 Program ETABS Version 9.5.0.0     File:198-17-E6-Social-Caminos de fontibon.OUT
                                                                            Page
                                                                              13

 G L O B A L   F O R C E   B A L A N C E

 TOTAL FORCE AND MOMENT AT THE ORIGIN, IN GLOBAL COORDINATES

 MODE       4 ------------------    

                  FX          FY          FZ          MX          MY          MZ
 APPLIED     .000000     .000000     .000000     .000000     .000000     .000000
 INERTIA   -2163.595   32810.571     .000000  -90896.061   -4757.327  462928.820
 REACTNS    2163.595  -32810.571   -4.37E-11   90911.493    4759.066 -462931.554
 CONSTRS    8.94E-10   -8.69E-11     .000000    2.62E-10    2.53E-09   -1.68E-08
 P-DELTA     .000000     .000000     .000000   17.562687   -2.432935    1.25E-16

   TOTAL    1.65E-09   -5.02E-10   -4.37E-11   32.994303   -0.694617   -2.734058

 MODE       5 ------------------    

                  FX          FY          FZ          MX          MY          MZ
 APPLIED     .000000     .000000     .000000     .000000     .000000     .000000
 INERTIA -230404.410  -10681.047     .000000   30094.922 -651767.595  4.8544E+06
 REACTNS  230404.410   10681.047    4.95E-10  -30096.291  651787.427 -4.8544E+06
 CONSTRS   -1.25E-09    5.19E-10     .000000   -1.53E-09   -4.00E-09    1.94E-08
 P-DELTA     .000000     .000000     .000000   -0.884503   19.983525   -1.32E-17

   TOTAL   -1.74E-09   -4.37E-12    4.95E-10   -2.253198   39.815633    2.162634

 MODE       6 ------------------    

                  FX          FY          FZ          MX          MY          MZ
 APPLIED     .000000     .000000     .000000     .000000     .000000     .000000
 INERTIA   -7166.115 -176853.889     .000000  502575.998  -18702.932 -1.1273E+06
 REACTNS    7166.115  176853.889   -4.18E-09 -502583.287   18704.559  1.1273E+06
 CONSTRS    1.21E-08    1.38E-09     .000000   -3.64E-09    3.44E-08   -2.59E-07
 P-DELTA     .000000     .000000     .000000  -10.279324   -6.196461    2.16E-16

   TOTAL    1.52E-08    3.48E-09   -4.18E-09  -17.568764   -4.568902   -3.945580

 SPECSX       ------------------    

                  FX          FY          FZ          MX          MY          MZ
 APPLIED     .000000     .000000     .000000     .000000     .000000     .000000
 INERTIA   92.146648    2.950425     .000000   18.051798  569.917931    1229.769
 REACTNS   92.146648    2.950425    7.59E-14   18.154328  573.001639    1229.769
 CONSTRS    5.93E-13    9.74E-13     .000000    6.03E-12    3.81E-12    3.08E-11
 P-DELTA     .000000     .000000     .000000    0.103675    3.083119    2.37E-19

   TOTAL    1.64E-12    5.33E-13    7.59E-14    0.003454    0.002579    0.000248
 Program ETABS Version 9.5.0.0     File:198-17-E6-Social-Caminos de fontibon.OUT
                                                                            Page
                                                                              14

 G L O B A L   F O R C E   B A L A N C E

 TOTAL FORCE AND MOMENT AT THE ORIGIN, IN GLOBAL COORDINATES

 SPECSXD      ------------------    

                  FX          FY          FZ          MX          MY          MZ
 APPLIED     .000000     .000000     .000000     .000000     .000000     .000000
 INERTIA   92.146648    2.950425     .000000   18.051798  569.917931    1229.769
 REACTNS   92.146648    2.950425    7.59E-14   18.154328  573.001639    1229.769
 CONSTRS    5.93E-13    9.74E-13     .000000    6.03E-12    3.81E-12    3.08E-11
 P-DELTA     .000000     .000000     .000000    0.103675    3.083119    2.37E-19

   TOTAL    1.64E-12    5.33E-13    7.59E-14    0.003454    0.002579    0.000248

 SPECSY       ------------------    

                  FX          FY          FZ          MX          MY          MZ
 APPLIED     .000000     .000000     .000000     .000000     .000000     .000000
 INERTIA    2.950425   92.261806     .000000  570.854338   18.113329  750.791547
 REACTNS    2.950425   92.261806    1.06E-13  574.263411   18.218498  750.791678
 CONSTRS    2.00E-13    1.25E-12     .000000    7.85E-12    7.44E-13    1.53E-10
 P-DELTA     .000000     .000000     .000000    3.405786    0.106792    2.20E-19

   TOTAL    5.94E-13    1.63E-12    1.06E-13    0.006544    0.000319    0.000419

 SPECSYD      ------------------    

                  FX          FY          FZ          MX          MY          MZ
 APPLIED     .000000     .000000     .000000     .000000     .000000     .000000
 INERTIA    2.950425   92.261806     .000000  570.854338   18.113329  750.791547
 REACTNS    2.950425   92.261806    1.06E-13  574.263411   18.218498  750.791678
 CONSTRS    2.00E-13    1.25E-12     .000000    7.85E-12    7.44E-13    1.53E-10
 P-DELTA     .000000     .000000     .000000    3.405786    0.106792    2.20E-19

   TOTAL    5.94E-13    1.63E-12    1.06E-13    0.006544    0.000319    0.000419
