                                 E T A B S (R)                                  

                                 Version 9.5.0.0                                

                            Copyright (C) 1984-2008                             
                         COMPUTERS AND STRUCTURES, INC.                         
                              All rights reserved                               

                 This copy of ETABS is for the exclusive use of                 

                                  THE LICENSEE                                  

           Unauthorized use is in violation of Federal copyright laws           

               It is the responsibility of the user to verify all               
                        results produced by this program                        

                             26 Nov 2019  11:50:02                              
 Program ETABS Version 9.5.0.0                     File:089-13 E7 PLATAFORMA.OUT
                                                                            Page
                                                                               1

 C O N S T R A I N T   C O O R D I N A T E S   A N D   M A S S E S

 CONS       1 ================== TYPE = DIAPH, NORMAL DIRECTION = U3

                     LOCAL COORDINATE SYSTEM FOR CONSTRAINT MASTER
  GLOBAL          U1          U2          U3          R1          R2          R3
     X      1.000000     .000000     .000000    1.000000     .000000     .000000
     Y       .000000    1.000000     .000000     .000000    1.000000     .000000
     Z       .000000     .000000    1.000000     .000000     .000000    1.000000

                     TRANSLATIONAL MASS AND MASS MOMENTS OF INERTIA
                  U1          U2          U3          R1          R2          R3
            2.750674    2.750674     .000000     .000000     .000000   45.117907

                     CENTER OF MASS
  GLOBAL          U1          U2          U3
     X      7.647500    7.647500    7.647500
     Y     31.951100   31.951100   31.951099
     Z      9.195000    9.195000    9.195000

 CONS       2 ================== TYPE = DIAPH, NORMAL DIRECTION = U3

                     LOCAL COORDINATE SYSTEM FOR CONSTRAINT MASTER
  GLOBAL          U1          U2          U3          R1          R2          R3
     X      1.000000     .000000     .000000    1.000000     .000000     .000000
     Y       .000000    1.000000     .000000     .000000    1.000000     .000000
     Z       .000000     .000000    1.000000     .000000     .000000    1.000000

                     TRANSLATIONAL MASS AND MASS MOMENTS OF INERTIA
                  U1          U2          U3          R1          R2          R3
           82.091655   82.091655     .000000     .000000     .000000   17835.575

                     CENTER OF MASS
  GLOBAL          U1          U2          U3
     X     14.046556   14.046556   13.756334
     Y     24.509049   24.509049   25.004969
     Z      6.130000    6.130000    6.130000

 CONS       3 ================== TYPE = DIAPH, NORMAL DIRECTION = U3

                     LOCAL COORDINATE SYSTEM FOR CONSTRAINT MASTER
  GLOBAL          U1          U2          U3          R1          R2          R3
     X      1.000000     .000000     .000000    1.000000     .000000     .000000
     Y       .000000    1.000000     .000000     .000000    1.000000     .000000
     Z       .000000     .000000    1.000000     .000000     .000000    1.000000

                     TRANSLATIONAL MASS AND MASS MOMENTS OF INERTIA
                  U1          U2          U3          R1          R2          R3
           47.249465   47.249465     .000000     .000000     .000000   11472.987
 Program ETABS Version 9.5.0.0                     File:089-13 E7 PLATAFORMA.OUT
                                                                            Page
                                                                               2

 C O N S T R A I N T   C O O R D I N A T E S   A N D   M A S S E S

                     CENTER OF MASS
  GLOBAL          U1          U2          U3
     X     14.251953   14.251953   14.785813
     Y     23.720533   23.720533   23.156233
     Z      3.165000    3.165000    3.165000
 Program ETABS Version 9.5.0.0                     File:089-13 E7 PLATAFORMA.OUT
                                                                            Page
                                                                               3

 D I S P L A C E M E N T   D E G R E E S   O F   F R E E D O M

         (A) = Active DOF, equilibrium equation
         (-) = Restrained DOF, reaction computed
         (+) = Constrained DOF
         (>) = External substructure DOF
         ( ) = Null DOF

  JOINTS              UX  UY  UZ  RX  RY  RZ
       1               +   +               +
       2 TO       3    A   A   A   A   A   A
       4 TO       5    +   +   A   A   A   +
       6               +   +               +
       7 TO      14    A   A   A   A   A   A
      15 TO      24    +   +   A   A   A   +
      25               +   +   -   A   A   +
      26 TO      29    +   +   A   A   A   +
      30 TO      34    +   +   -   A   A   +
      35 TO      37    +   +   A   A   A   +
      38 TO      43    A   A   A   A   A   A
      44 TO      55    +   +   A   A   A   +
      56               +   +               +
      57               A   A   A   A   A   A
      58 TO      59    +   +   A   A   A   +
      60               +   +   -   A   A   +
      61 TO      64    +   +   A   A   A   +
      65 TO      69    +   +   -   A   A   +
      70 TO      72    +   +   A   A   A   +
      73 TO      78    A   A   A   A   A   A
      79 TO      90    +   +   A   A   A   +
      91 TO     108    -   -   -   -   -   -

  CONSTRAINTS         U1  U2  U3  R1  R2  R3
       1 TO       3    A   A               A
 Program ETABS Version 9.5.0.0                     File:089-13 E7 PLATAFORMA.OUT
                                                                            Page
                                                                               4

 A S S E M B L E D   J O I N T   M A S S E S

 IN GLOBAL COORDINATES

   JOINT          UX          UY          UZ          RX          RY          RZ
       1    2.750674    2.750674     .000000     .000000     .000000   45.117907
       2    2.468246    2.468246     .000000     .000000     .000000     .000000
       3    2.468246    2.468246     .000000     .000000     .000000     .000000
       6   82.091655   82.091655     .000000     .000000     .000000   17835.575
       7    0.311074    0.311074     .000000     .000000     .000000     .000000
       8    0.325280    0.325280     .000000     .000000     .000000     .000000
       9    0.386816    0.386816     .000000     .000000     .000000     .000000
      10    0.469921    0.469921     .000000     .000000     .000000     .000000
      11    0.097050    0.097050     .000000     .000000     .000000     .000000
      12    0.097325    0.097325     .000000     .000000     .000000     .000000
      13    0.097074    0.097074     .000000     .000000     .000000     .000000
      14    0.215374    0.215374     .000000     .000000     .000000     .000000
      38    3.468690    3.468690     .000000     .000000     .000000     .000000
      39    4.788172    4.788172     .000000     .000000     .000000     .000000
      40    4.230227    4.230227     .000000     .000000     .000000     .000000
      41    4.945000    4.945000     .000000     .000000     .000000     .000000
      42    5.402528    5.402528     .000000     .000000     .000000     .000000
      43    3.045393    3.045393     .000000     .000000     .000000     .000000
      56   47.249465   47.249465     .000000     .000000     .000000   11472.987
      57    0.072614    0.072614     .000000     .000000     .000000     .000000
      73    2.718108    2.718108     .000000     .000000     .000000     .000000
      74    3.772795    3.772795     .000000     .000000     .000000     .000000
      75    4.103827    4.103827     .000000     .000000     .000000     .000000
      76    3.718816    3.718816     .000000     .000000     .000000     .000000
      77    3.859203    3.859203     .000000     .000000     .000000     .000000
      78    2.896006    2.896006     .000000     .000000     .000000     .000000
      91    0.093050    0.093050     .000000     .000000     .000000     .000000
      92    0.093050    0.093050     .000000     .000000     .000000     .000000
      93    0.093050    0.093050     .000000     .000000     .000000     .000000
      94    0.093050    0.093050     .000000     .000000     .000000     .000000
      95    0.093050    0.093050     .000000     .000000     .000000     .000000
      96    0.392682    0.392682     .000000     .000000     .000000     .000000
      97    0.492560    0.492560     .000000     .000000     .000000     .000000
      98    0.617406    0.617406     .000000     .000000     .000000     .000000
      99    0.093050    0.093050     .000000     .000000     .000000     .000000
     100    0.093050    0.093050     .000000     .000000     .000000     .000000
     101    0.093050    0.093050     .000000     .000000     .000000     .000000
     102    0.093050    0.093050     .000000     .000000     .000000     .000000
     103    0.492560    0.492560     .000000     .000000     .000000     .000000
     104    0.492560    0.492560     .000000     .000000     .000000     .000000
     105    0.093050    0.093050     .000000     .000000     .000000     .000000
     106    0.093050    0.093050     .000000     .000000     .000000     .000000
     107    0.093050    0.093050     .000000     .000000     .000000     .000000
     108    0.392682    0.392682     .000000     .000000     .000000     .000000
 Program ETABS Version 9.5.0.0                     File:089-13 E7 PLATAFORMA.OUT
                                                                            Page
                                                                               5


 T O T A L   A S S E M B L E D   J O I N T   M A S S E S

 IN GLOBAL COORDINATES

                  UX          UY          UZ          RX          RY          RZ
   TOTAL  190.046623  190.046623     .000000     .000000     .000000   29353.680


 T O T A L   A C C E L E R A T E D   M A S S   A N D   L O C A T I O N

 TOTAL MASS ACTIVATED BY ACCELERATION LOADS, IN GLOBAL COORDINATES

                  UX          UY          UZ
    MASS  186.049576  186.049576     .000000
   X-LOC   10.104050   10.104050     .000000
   Y-LOC   24.512124   24.512124     .000000
   Z-LOC    5.166721    5.166721     .000000
 Program ETABS Version 9.5.0.0                     File:089-13 E7 PLATAFORMA.OUT
                                                                            Page
                                                                               6

 M O D A L   P E R I O D S   A N D   F R E Q U E N C I E S

    MODE      PERIOD   FREQUENCY   FREQUENCY  EIGENVALUE
              (TIME)  (CYC/TIME)  (RAD/TIME)  (RAD/TIME)**2

       1    0.565249    1.769131   11.115781  123.560582
       2    0.532860    1.876666   11.791438  139.038005
       3    0.461592    2.166418   13.612004  185.286649
       4    0.203096    4.923786   30.937061  957.101713
       5    0.135114    7.401175   46.502953    2162.525
       6    0.131307    7.615712   47.850929    2289.711
 Program ETABS Version 9.5.0.0                     File:089-13 E7 PLATAFORMA.OUT
                                                                            Page
                                                                               7

 M O D A L   P A R T I C I P A T I O N   F A C T O R S

 FOR UNIT ACCELERATION LOADS IN GLOBAL COORDINATES

    MODE      PERIOD          UX          UY          UZ
       1    0.565249  -13.005453    0.698537     .000000
       2    0.532860   -1.325333   -6.709635     .000000
       3    0.461592   -0.025664  -10.992524     .000000
       4    0.203096    1.932430   -0.129066     .000000
       5    0.135114    0.258813    3.965593     .000000
       6    0.131307   -3.367866    0.247361     .000000
 Program ETABS Version 9.5.0.0                     File:089-13 E7 PLATAFORMA.OUT
                                                                            Page
                                                                               8

 M O D A L   P A R T I C I P A T I N G   M A S S   R A T I O S

    MODE      PERIOD    INDIVIDUAL MODE (PERCENT)     CUMULATIVE SUM (PERCENT)
                             UX       UY       UZ         UX       UY       UZ

       1    0.565249    90.9122   0.2623   0.0000    90.9122   0.2623   0.0000
       2    0.532860     0.9441  24.1974   0.0000    91.8563  24.4597   0.0000
       3    0.461592     0.0004  64.9481   0.0000    91.8567  89.4078   0.0000
       4    0.203096     2.0071   0.0090   0.0000    93.8638  89.4167   0.0000
       5    0.135114     0.0360   8.4525   0.0000    93.8998  97.8693   0.0000
       6    0.131307     6.0965   0.0329   0.0000    99.9963  97.9021   0.0000
 Program ETABS Version 9.5.0.0                     File:089-13 E7 PLATAFORMA.OUT
                                                                            Page
                                                                               9

 M O D A L   L O A D   P A R T I C I P A T I O N   R A T I O S

 LOAD, ACC, OR LINK/DEF        STATIC    DYNAMIC                       EFFECTIVE
        (TYPE)      (NAME)   (PERCENT)  (PERCENT)                         PERIOD

         LOAD    DEAD          0.0901 -> 32.2746<- (*) SEE NOTE         0.012028
         LOAD    LIVE          0.0911 -> 31.6935<- (*) SEE NOTE         0.009931
         LOAD    EX1          99.9987    99.3751                        0.564940
         LOAD    EX2          99.9977    99.3621                        0.564269
         LOAD    EY1          99.9776    99.6987                        0.489040
         LOAD    EY2          99.9839    99.7585                        0.481823
         LOAD    H             0.0000     0.0000                      -INFINITY-
         LOAD    TRIBUTAR      0.0000     0.0000                      -INFINITY-
         LOAD    SX            0.0000     0.0000                      -INFINITY-
         LOAD    SY            0.0000     0.0000                      -INFINITY-
          ACC          UX    100.0000    99.9963                        0.563310
          ACC          UY    100.0000    97.9021                        0.485072
          ACC          UZ      0.0000     0.0000                      -INFINITY-
          ACC          RX     99.9816    99.8766                        0.485399
          ACC          RY     99.9997    99.9950                        0.565003
          ACC          RZ     90.5371    92.1799                        1.114852

 (*) NOTE: DYNAMIC LOAD PARTICIPATION RATIO EXCLUDES LOAD APPLIED
           TO NON-MASS DEGREES OF FREEDOM
 Program ETABS Version 9.5.0.0                     File:089-13 E7 PLATAFORMA.OUT
                                                                            Page
                                                                              10

 G L O B A L   F O R C E   B A L A N C E

 TOTAL FORCE AND MOMENT AT THE ORIGIN, IN GLOBAL COORDINATES

 LOADDEAD     ------------------    

                  FX          FY          FZ          MX          MY          MZ
 APPLIED   -1.78E-15     .000000   -1885.870  -46207.760   18630.382    1.31E-13
 INERTIA     .000000     .000000     .000000     .000000     .000000     .000000
 REACTNS   -1.23E-12    4.77E-13    1885.870   46207.345  -18630.244   -0.002262
 CONSTRS    3.35E-12   -3.13E-13     .000000    1.87E-12    2.05E-11    1.46E-11
 P-DELTA     .000000     .000000     .000000    0.415262   -0.132654    0.000879

   TOTAL    2.13E-12    1.64E-13    2.27E-13   -0.000146    0.005346   -0.001384

 LOADLIVE     ------------------    

                  FX          FY          FZ          MX          MY          MZ
 APPLIED    2.11E-15     .000000   -1025.509  -25057.831    9869.957    1.07E-13
 INERTIA     .000000     .000000     .000000     .000000     .000000     .000000
 REACTNS   -4.37E-13    2.44E-13    1025.509   25057.628   -9869.876   -0.001176
 CONSTRS    5.11E-13   -1.36E-13     .000000    8.03E-13    3.06E-12   -1.59E-13
 P-DELTA     .000000     .000000     .000000    0.203447   -0.078007    0.000431

   TOTAL    7.63E-14    1.08E-13   -4.55E-13    4.50E-05    0.002843   -0.000745

 LOADEX1      ------------------    

                  FX          FY          FZ          MX          MY          MZ
 APPLIED    1026.294     .000000     .000000     .000000    5837.273  -27168.602
 INERTIA     .000000     .000000     .000000     .000000     .000000     .000000
 REACTNS   -1026.294    5.22E-11    1.56E-13   -1.042989   -5949.441   27168.605
 CONSTRS   -2.16E-09   -2.62E-11     .000000    1.61E-10   -1.32E-08    4.22E-08
 P-DELTA     .000000     .000000     .000000    1.025328  112.173297   -0.004867

   TOTAL   -1.16E-09    2.60E-11    1.56E-13   -0.017661    0.005679   -0.002754

 LOADEX2      ------------------    

                  FX          FY          FZ          MX          MY          MZ
 APPLIED    1026.294     .000000     .000000     .000000    5837.273  -23822.723
 INERTIA     .000000     .000000     .000000     .000000     .000000     .000000
 REACTNS   -1026.294    5.20E-11   -2.84E-14   -0.599964   -5949.577   23822.698
 CONSTRS   -6.64E-10   -1.28E-11     .000000    7.50E-11   -4.01E-09    2.95E-08
 P-DELTA     .000000     .000000     .000000    0.613675  112.303916    0.012273

   TOTAL    3.00E-10    3.91E-11   -2.84E-14    0.013711   -6.47E-05   -0.013212
 Program ETABS Version 9.5.0.0                     File:089-13 E7 PLATAFORMA.OUT
                                                                            Page
                                                                              11

 G L O B A L   F O R C E   B A L A N C E

 TOTAL FORCE AND MOMENT AT THE ORIGIN, IN GLOBAL COORDINATES

 LOADEY1      ------------------    

                  FX          FY          FZ          MX          MY          MZ
 APPLIED     .000000    1026.294     .000000   -5837.273     .000000   11053.808
 INERTIA     .000000     .000000     .000000     .000000     .000000     .000000
 REACTNS   -3.65E-12   -1026.294   -2.84E-13    5916.815    0.720746  -11053.788
 CONSTRS   -3.34E-10    8.77E-11     .000000   -5.21E-10   -2.05E-09    8.58E-09
 P-DELTA     .000000     .000000     .000000  -79.497564   -0.693101   -0.001375

   TOTAL   -3.38E-10    1.07E-12   -2.84E-13    0.044135    0.027645    0.018141

 LOADEY2      ------------------    

                  FX          FY          FZ          MX          MY          MZ
 APPLIED     .000000    1026.294     .000000   -5837.273     .000000    9416.029
 INERTIA     .000000     .000000     .000000     .000000     .000000     .000000
 REACTNS    1.63E-11   -1026.294   -1.92E-13    5916.595    0.785100   -9416.000
 CONSTRS   -2.00E-11    4.93E-11     .000000   -2.88E-10   -1.22E-10    3.85E-09
 P-DELTA     .000000     .000000     .000000  -79.293051   -0.754515   -0.008092

   TOTAL   -3.74E-12   -3.71E-11   -1.92E-13    0.028904    0.030585    0.020338

 LOADH        ------------------    

                  FX          FY          FZ          MX          MY          MZ
 APPLIED     .000000     .000000     .000000     .000000     .000000     .000000
 INERTIA     .000000     .000000     .000000     .000000     .000000     .000000
 REACTNS     .000000     .000000     .000000     .000000     .000000     .000000
 CONSTRS     .000000     .000000     .000000     .000000     .000000     .000000
 P-DELTA     .000000     .000000     .000000     .000000     .000000     .000000

   TOTAL     .000000     .000000     .000000     .000000     .000000     .000000

 LOADTRIBUTAR ------------------    

                  FX          FY          FZ          MX          MY          MZ
 APPLIED     .000000     .000000     .000000     .000000     .000000     .000000
 INERTIA     .000000     .000000     .000000     .000000     .000000     .000000
 REACTNS     .000000     .000000     .000000     .000000     .000000     .000000
 CONSTRS     .000000     .000000     .000000     .000000     .000000     .000000
 P-DELTA     .000000     .000000     .000000     .000000     .000000     .000000

   TOTAL     .000000     .000000     .000000     .000000     .000000     .000000
 Program ETABS Version 9.5.0.0                     File:089-13 E7 PLATAFORMA.OUT
                                                                            Page
                                                                              12

 G L O B A L   F O R C E   B A L A N C E

 TOTAL FORCE AND MOMENT AT THE ORIGIN, IN GLOBAL COORDINATES

 LOADSX       ------------------    

                  FX          FY          FZ          MX          MY          MZ
 APPLIED     .000000     .000000     .000000     .000000     .000000     .000000
 INERTIA     .000000     .000000     .000000     .000000     .000000     .000000
 REACTNS     .000000     .000000     .000000     .000000     .000000     .000000
 CONSTRS     .000000     .000000     .000000     .000000     .000000     .000000
 P-DELTA     .000000     .000000     .000000     .000000     .000000     .000000

   TOTAL     .000000     .000000     .000000     .000000     .000000     .000000

 LOADSY       ------------------    

                  FX          FY          FZ          MX          MY          MZ
 APPLIED     .000000     .000000     .000000     .000000     .000000     .000000
 INERTIA     .000000     .000000     .000000     .000000     .000000     .000000
 REACTNS     .000000     .000000     .000000     .000000     .000000     .000000
 CONSTRS     .000000     .000000     .000000     .000000     .000000     .000000
 P-DELTA     .000000     .000000     .000000     .000000     .000000     .000000

   TOTAL     .000000     .000000     .000000     .000000     .000000     .000000

 MODE       1 ------------------    

                  FX          FY          FZ          MX          MY          MZ
 APPLIED     .000000     .000000     .000000     .000000     .000000     .000000
 INERTIA   -1606.961   86.311642     .000000 -485.921244   -9098.133   42390.318
 REACTNS    1606.972  -87.452910   -4.26E-13  495.398837    9273.323  -42402.150
 CONSTRS   -0.025754    0.316092     .000000    3.123071   -0.099565   11.158988
 P-DELTA     .000000     .000000     .000000   -8.134157 -175.256402    0.001768

   TOTAL   -0.015509   -0.825176   -4.26E-13    4.466507   -0.165742   -0.671513

 MODE       2 ------------------    

                  FX          FY          FZ          MX          MY          MZ
 APPLIED     .000000     .000000     .000000     .000000     .000000     .000000
 INERTIA -184.271638 -932.894261     .000000    5184.821 -822.832116  -29461.947
 REACTNS  184.130796  949.429032    9.38E-13   -5278.339  841.396447   29628.777
 CONSTRS    0.358840   -4.529010     .000000  -45.298363    1.388701 -157.651281
 P-DELTA     .000000     .000000     .000000   74.140044  -17.630324   -0.126774

   TOTAL    0.217999   12.005761    9.38E-13  -64.675742    2.322708    9.052145
 Program ETABS Version 9.5.0.0                     File:089-13 E7 PLATAFORMA.OUT
                                                                            Page
                                                                              13

 G L O B A L   F O R C E   B A L A N C E

 TOTAL FORCE AND MOMENT AT THE ORIGIN, IN GLOBAL COORDINATES

 MODE       3 ------------------    

                  FX          FY          FZ          MX          MY          MZ
 APPLIED     .000000     .000000     .000000     .000000     .000000     .000000
 INERTIA   -4.755205   -2036.768     .000000   11796.809 -203.327408 -738.486106
 REACTNS    4.965580    2012.067    2.34E-13  -11925.862  202.353566  489.353107
 CONSTRS   -0.536016    6.765684     .000000   67.671292   -2.074373  235.499587
 P-DELTA     .000000     .000000     .000000  157.717106   -0.491366    0.111860

   TOTAL   -0.325642  -17.935565    2.34E-13   96.334985   -3.539581  -13.521552

 MODE       4 ------------------    

                  FX          FY          FZ          MX          MY          MZ
 APPLIED     .000000     .000000     .000000     .000000     .000000     .000000
 INERTIA    1849.532 -123.529076     .000000 -133.501622   -2846.451  -56966.067
 REACTNS   -1847.705  222.044358    2.00E-13   36.575298    2837.030   56238.547
 CONSTRS   -2.876763   -9.244920     .000000 -287.815619  -10.607025  471.791073
 P-DELTA     .000000     .000000     .000000   -1.073602   24.363848   -0.219631

   TOTAL   -1.049354   89.270362    2.00E-13 -385.815545    4.335329 -255.947957

 MODE       5 ------------------    

                  FX          FY          FZ          MX          MY          MZ
 APPLIED     .000000     .000000     .000000     .000000     .000000     .000000
 INERTIA  559.689138    8575.692     .000000   -2137.024 -447.843351   58742.443
 REACTNS -538.651171  -11050.758   -2.70E-13    5053.738  306.610731  -83657.984
 CONSTRS  -53.630738  677.645403     .000000    6780.945 -207.558080   23575.083
 P-DELTA     .000000     .000000     .000000  -55.488014    3.451919    0.344416

   TOTAL  -32.592771   -1797.420   -2.70E-13    9642.170 -345.338782   -1340.114

 MODE       6 ------------------    

                  FX          FY          FZ          MX          MY          MZ
 APPLIED     .000000     .000000     .000000     .000000     .000000     .000000
 INERTIA   -7711.441  566.384707     .000000 -243.343547   -1049.661  181557.840
 REACTNS    7720.454 -678.602161   -6.39E-13  425.064973    1119.001 -187888.628
 CONSTRS  -17.588425   84.339804     .000000  253.265322  -66.477377    5333.817
 P-DELTA     .000000     .000000     .000000   -3.835507  -46.935259   -0.067576

   TOTAL   -8.575058  -27.877651   -6.39E-13  431.151241  -44.072455 -997.038849
 Program ETABS Version 9.5.0.0                     File:089-13 E7 PLATAFORMA.OUT
                                                                            Page
                                                                              14

 G L O B A L   F O R C E   B A L A N C E

 TOTAL FORCE AND MOMENT AT THE ORIGIN, IN GLOBAL COORDINATES

 SPECSX       ------------------    

                  FX          FY          FZ          MX          MY          MZ
 APPLIED     .000000     .000000     .000000     .000000     .000000     .000000
 INERTIA  942.915788   36.068725     .000000  201.417946    5314.232   23548.684
 REACTNS  942.919839   36.718722    2.14E-13  205.194284    5416.670   23551.425
 CONSTRS    0.114653    0.373728     .000000    4.367386    0.430128   30.245990
 P-DELTA     .000000     .000000     .000000    3.209627  102.443431    0.006416

   TOTAL    0.051766    1.420557    2.14E-13    5.793419    0.196180    7.698963

 SPECSY       ------------------    

                  FX          FY          FZ          MX          MY          MZ
 APPLIED     .000000     .000000     .000000     .000000     .000000     .000000
 INERTIA   42.489076  930.268947     .000000    5311.532  244.081806   10574.370
 REACTNS   42.482722  928.262262    3.46E-13    5376.945  248.125310   10622.991
 CONSTRS    0.680051    8.508207     .000000   84.777752    2.630908  297.466678
 P-DELTA     .000000     .000000     .000000   71.939083    4.413829    0.048402

   TOTAL    0.411987   22.448042    3.46E-13  120.609243    4.345781   17.347666
