

 ETABS Nonlinear 64-bit 18.0.2 Build 2064 (Analysis Build 9758/64)              
 File: C:\Users\jrosales\Deskt...os- Pruebas\175-16-Torre Estacion\101222222.OUT
                                                                     
                                                                       

 1, CONSTR = RIGID, DOF = U1 U2 R3

                     LOCAL COORDINATE SYSTEM FOR CONSTRAINT MASTER
  GLOBAL          U1          U2          U3          R1          R2          R3
     X      1.000000     .000000     .000000    1.000000     .000000     .000000
     Y       .000000    1.000000     .000000     .000000    1.000000     .000000
     Z       .000000     .000000    1.000000     .000000     .000000    1.000000

                     TRANSLATIONAL MASS AND MASS MOMENTS OF INERTIA
                  U1          U2          U3          R1          R2          R3
           70.802444   70.802444     .000000     .000000     .000000   12273.283

                     CENTER OF MASS
  GLOBAL          U1          U2          U3
     X     15.265244   15.265244   15.819638
     Y     10.313433   10.313433    8.638682
     Z    124.850000  124.850000  124.850000

 2, CONSTR = RIGID, DOF = U1 U2 R3

                     LOCAL COORDINATE SYSTEM FOR CONSTRAINT MASTER
  GLOBAL          U1          U2          U3          R1          R2          R3
     X      1.000000     .000000     .000000    1.000000     .000000     .000000
     Y       .000000    1.000000     .000000     .000000    1.000000     .000000
     Z       .000000     .000000    1.000000     .000000     .000000    1.000000

                     TRANSLATIONAL MASS AND MASS MOMENTS OF INERTIA
                  U1          U2          U3          R1          R2          R3
           62.812238   62.812238     .000000     .000000     .000000   10715.193

                     CENTER OF MASS
  GLOBAL          U1          U2          U3
     X     18.223575   18.223575   15.850454
     Y      9.407317    9.407317    8.629243
     Z    122.000000  122.000000  122.000000

 3, CONSTR = RIGID, DOF = U1 U2 R3

                     LOCAL COORDINATE SYSTEM FOR CONSTRAINT MASTER
  GLOBAL          U1          U2          U3          R1          R2          R3
     X      1.000000     .000000     .000000    1.000000     .000000     .000000
     Y       .000000    1.000000     .000000     .000000    1.000000     .000000
     Z       .000000     .000000    1.000000     .000000     .000000    1.000000

                     TRANSLATIONAL MASS AND MASS MOMENTS OF INERTIA
                  U1          U2          U3          R1          R2          R3
           62.812238   62.812238     .000000     .000000     .000000   10715.193

                     CENTER OF MASS
  GLOBAL          U1          U2          U3
     X     18.223575   18.223575   15.850454
     Y      9.407317    9.407317    8.629243
     Z    119.150000  119.150000  119.150000

 4, CONSTR = RIGID, DOF = U1 U2 R3

                     LOCAL COORDINATE SYSTEM FOR CONSTRAINT MASTER
  GLOBAL          U1          U2          U3          R1          R2          R3
     X      1.000000     .000000     .000000    1.000000     .000000     .000000
     Y       .000000    1.000000     .000000     .000000    1.000000     .000000
     Z       .000000     .000000    1.000000     .000000     .000000    1.000000

                     TRANSLATIONAL MASS AND MASS MOMENTS OF INERTIA
                  U1          U2          U3          R1          R2          R3
           62.812238   62.812238     .000000     .000000     .000000   10715.193

                     CENTER OF MASS
  GLOBAL          U1          U2          U3
     X     18.223575   18.223575   15.850454
     Y      9.407317    9.407317    8.629243
     Z    116.300000  116.300000  116.300000

 5, CONSTR = RIGID, DOF = U1 U2 R3

                     LOCAL COORDINATE SYSTEM FOR CONSTRAINT MASTER
  GLOBAL          U1          U2          U3          R1          R2          R3
     X      1.000000     .000000     .000000    1.000000     .000000     .000000
     Y       .000000    1.000000     .000000     .000000    1.000000     .000000
     Z       .000000     .000000    1.000000     .000000     .000000    1.000000

                     TRANSLATIONAL MASS AND MASS MOMENTS OF INERTIA
                  U1          U2          U3          R1          R2          R3
           62.812238   62.812238     .000000     .000000     .000000   10715.193

                     CENTER OF MASS
  GLOBAL          U1          U2          U3
     X     18.223575   18.223575   15.850454
     Y      9.407317    9.407317    8.629243
     Z    113.450000  113.450000  113.450000

 6, CONSTR = RIGID, DOF = U1 U2 R3

                     LOCAL COORDINATE SYSTEM FOR CONSTRAINT MASTER
  GLOBAL          U1          U2          U3          R1          R2          R3
     X      1.000000     .000000     .000000    1.000000     .000000     .000000
     Y       .000000    1.000000     .000000     .000000    1.000000     .000000
     Z       .000000     .000000    1.000000     .000000     .000000    1.000000

                     TRANSLATIONAL MASS AND MASS MOMENTS OF INERTIA
                  U1          U2          U3          R1          R2          R3
           62.805849   62.805849     .000000     .000000     .000000   10713.951

                     CENTER OF MASS
  GLOBAL          U1          U2          U3
     X     18.224212   18.224212   15.850461
     Y      9.407826    9.407826    8.629248
     Z    110.600000  110.600000  110.600000

 7, CONSTR = RIGID, DOF = U1 U2 R3

                     LOCAL COORDINATE SYSTEM FOR CONSTRAINT MASTER
  GLOBAL          U1          U2          U3          R1          R2          R3
     X      1.000000     .000000     .000000    1.000000     .000000     .000000
     Y       .000000    1.000000     .000000     .000000    1.000000     .000000
     Z       .000000     .000000    1.000000     .000000     .000000    1.000000

                     TRANSLATIONAL MASS AND MASS MOMENTS OF INERTIA
                  U1          U2          U3          R1          R2          R3
           63.143579   63.143579     .000000     .000000     .000000   10770.732

                     CENTER OF MASS
  GLOBAL          U1          U2          U3
     X     18.218000   18.218000   15.850396
     Y      9.410245    9.410245    8.629273
     Z    107.750000  107.750000  107.750000

 8, CONSTR = RIGID, DOF = U1 U2 R3

                     LOCAL COORDINATE SYSTEM FOR CONSTRAINT MASTER
  GLOBAL          U1          U2          U3          R1          R2          R3
     X      1.000000     .000000     .000000    1.000000     .000000     .000000
     Y       .000000    1.000000     .000000     .000000    1.000000     .000000
     Z       .000000     .000000    1.000000     .000000     .000000    1.000000

                     TRANSLATIONAL MASS AND MASS MOMENTS OF INERTIA
                  U1          U2          U3          R1          R2          R3
           63.143579   63.143579     .000000     .000000     .000000   10770.732

                     CENTER OF MASS
  GLOBAL          U1          U2          U3
     X     18.218000   18.218000   15.850396
     Y      9.410245    9.410245    8.629273
     Z    104.900000  104.900000  104.900000

 9, CONSTR = RIGID, DOF = U1 U2 R3

                     LOCAL COORDINATE SYSTEM FOR CONSTRAINT MASTER
  GLOBAL          U1          U2          U3          R1          R2          R3
     X      1.000000     .000000     .000000    1.000000     .000000     .000000
     Y       .000000    1.000000     .000000     .000000    1.000000     .000000
     Z       .000000     .000000    1.000000     .000000     .000000    1.000000

                     TRANSLATIONAL MASS AND MASS MOMENTS OF INERTIA
                  U1          U2          U3          R1          R2          R3
           63.143606   63.143606     .000000     .000000     .000000   10770.738

                     CENTER OF MASS
  GLOBAL          U1          U2          U3
     X     18.218000   18.218000   15.850396
     Y      9.410245    9.410245    8.629273
     Z    102.050000  102.050000  102.050000

 10, CONSTR = RIGID, DOF = U1 U2 R3

                     LOCAL COORDINATE SYSTEM FOR CONSTRAINT MASTER
  GLOBAL          U1          U2          U3          R1          R2          R3
     X      1.000000     .000000     .000000    1.000000     .000000     .000000
     Y       .000000    1.000000     .000000     .000000    1.000000     .000000
     Z       .000000     .000000    1.000000     .000000     .000000    1.000000

                     TRANSLATIONAL MASS AND MASS MOMENTS OF INERTIA
                  U1          U2          U3          R1          R2          R3
           63.143606   63.143606     .000000     .000000     .000000   10770.738

                     CENTER OF MASS
  GLOBAL          U1          U2          U3
     X     18.218000   18.218000   15.850396
     Y      9.410245    9.410245    8.629273
     Z     99.199970   99.199970   99.199970

 11, CONSTR = RIGID, DOF = U1 U2 R3

                     LOCAL COORDINATE SYSTEM FOR CONSTRAINT MASTER
  GLOBAL          U1          U2          U3          R1          R2          R3
     X      1.000000     .000000     .000000    1.000000     .000000     .000000
     Y       .000000    1.000000     .000000     .000000    1.000000     .000000
     Z       .000000     .000000    1.000000     .000000     .000000    1.000000

                     TRANSLATIONAL MASS AND MASS MOMENTS OF INERTIA
                  U1          U2          U3          R1          R2          R3
           63.143579   63.143579     .000000     .000000     .000000   10770.732

                     CENTER OF MASS
  GLOBAL          U1          U2          U3
     X     18.218000   18.218000   15.850396
     Y      9.410245    9.410245    8.629273
     Z     96.349970   96.349970   96.349970

 12, CONSTR = RIGID, DOF = U1 U2 R3

                     LOCAL COORDINATE SYSTEM FOR CONSTRAINT MASTER
  GLOBAL          U1          U2          U3          R1          R2          R3
     X      1.000000     .000000     .000000    1.000000     .000000     .000000
     Y       .000000    1.000000     .000000     .000000    1.000000     .000000
     Z       .000000     .000000    1.000000     .000000     .000000    1.000000

                     TRANSLATIONAL MASS AND MASS MOMENTS OF INERTIA
                  U1          U2          U3          R1          R2          R3
           63.504357   63.504357     .000000     .000000     .000000   10867.744

                     CENTER OF MASS
  GLOBAL          U1          U2          U3
     X     18.179139   18.179139   15.849991
     Y      9.416133    9.416133    8.629335
     Z     93.499970   93.499970   93.499970

 13, CONSTR = RIGID, DOF = U1 U2 R3

                     LOCAL COORDINATE SYSTEM FOR CONSTRAINT MASTER
  GLOBAL          U1          U2          U3          R1          R2          R3
     X      1.000000     .000000     .000000    1.000000     .000000     .000000
     Y       .000000    1.000000     .000000     .000000    1.000000     .000000
     Z       .000000     .000000    1.000000     .000000     .000000    1.000000

                     TRANSLATIONAL MASS AND MASS MOMENTS OF INERTIA
                  U1          U2          U3          R1          R2          R3
           63.920289   63.920289     .000000     .000000     .000000   10958.856

                     CENTER OF MASS
  GLOBAL          U1          U2          U3
     X     18.167277   18.167277   15.849867
     Y      9.420148    9.420148    8.629377
     Z     90.649970   90.649970   90.649970

 14, CONSTR = RIGID, DOF = U1 U2 R3

                     LOCAL COORDINATE SYSTEM FOR CONSTRAINT MASTER
  GLOBAL          U1          U2          U3          R1          R2          R3
     X      1.000000     .000000     .000000    1.000000     .000000     .000000
     Y       .000000    1.000000     .000000     .000000    1.000000     .000000
     Z       .000000     .000000    1.000000     .000000     .000000    1.000000

                     TRANSLATIONAL MASS AND MASS MOMENTS OF INERTIA
                  U1          U2          U3          R1          R2          R3
           63.920289   63.920289     .000000     .000000     .000000   10958.856

                     CENTER OF MASS
  GLOBAL          U1          U2          U3
     X     18.167277   18.167277   15.849867
     Y      9.420148    9.420148    8.629377
     Z     87.799970   87.799970   87.799970

 15, CONSTR = RIGID, DOF = U1 U2 R3

                     LOCAL COORDINATE SYSTEM FOR CONSTRAINT MASTER
  GLOBAL          U1          U2          U3          R1          R2          R3
     X      1.000000     .000000     .000000    1.000000     .000000     .000000
     Y       .000000    1.000000     .000000     .000000    1.000000     .000000
     Z       .000000     .000000    1.000000     .000000     .000000    1.000000

                     TRANSLATIONAL MASS AND MASS MOMENTS OF INERTIA
                  U1          U2          U3          R1          R2          R3
           63.920278   63.920278     .000000     .000000     .000000   10958.854

                     CENTER OF MASS
  GLOBAL          U1          U2          U3
     X     18.167277   18.167277   15.849867
     Y      9.420148    9.420148    8.629377
     Z     84.949970   84.949970   84.949970

 16, CONSTR = RIGID, DOF = U1 U2 R3

                     LOCAL COORDINATE SYSTEM FOR CONSTRAINT MASTER
  GLOBAL          U1          U2          U3          R1          R2          R3
     X      1.000000     .000000     .000000    1.000000     .000000     .000000
     Y       .000000    1.000000     .000000     .000000    1.000000     .000000
     Z       .000000     .000000    1.000000     .000000     .000000    1.000000

                     TRANSLATIONAL MASS AND MASS MOMENTS OF INERTIA
                  U1          U2          U3          R1          R2          R3
           63.920278   63.920278     .000000     .000000     .000000   10958.854

                     CENTER OF MASS
  GLOBAL          U1          U2          U3
     X     18.167277   18.167277   15.849867
     Y      9.420148    9.420148    8.629377
     Z     82.099980   82.099980   82.099980

 17, CONSTR = RIGID, DOF = U1 U2 R3

                     LOCAL COORDINATE SYSTEM FOR CONSTRAINT MASTER
  GLOBAL          U1          U2          U3          R1          R2          R3
     X      1.000000     .000000     .000000    1.000000     .000000     .000000
     Y       .000000    1.000000     .000000     .000000    1.000000     .000000
     Z       .000000     .000000    1.000000     .000000     .000000    1.000000

                     TRANSLATIONAL MASS AND MASS MOMENTS OF INERTIA
                  U1          U2          U3          R1          R2          R3
           65.397957   65.397957     .000000     .000000     .000000   11286.281

                     CENTER OF MASS
  GLOBAL          U1          U2          U3
     X     18.235200   18.235200   15.850575
     Y      9.416892    9.416892    8.629343
     Z     79.249980   79.249980   79.249980

 18, CONSTR = RIGID, DOF = U1 U2 R3

                     LOCAL COORDINATE SYSTEM FOR CONSTRAINT MASTER
  GLOBAL          U1          U2          U3          R1          R2          R3
     X      1.000000     .000000     .000000    1.000000     .000000     .000000
     Y       .000000    1.000000     .000000     .000000    1.000000     .000000
     Z       .000000     .000000    1.000000     .000000     .000000    1.000000

                     TRANSLATIONAL MASS AND MASS MOMENTS OF INERTIA
                  U1          U2          U3          R1          R2          R3
           65.881712   65.881712     .000000     .000000     .000000   11385.376

                     CENTER OF MASS
  GLOBAL          U1          U2          U3
     X     18.242232   18.242232   15.850648
     Y      9.413081    9.413081    8.629303
     Z     76.399980   76.399980   76.399980

 19, CONSTR = RIGID, DOF = U1 U2 R3

                     LOCAL COORDINATE SYSTEM FOR CONSTRAINT MASTER
  GLOBAL          U1          U2          U3          R1          R2          R3
     X      1.000000     .000000     .000000    1.000000     .000000     .000000
     Y       .000000    1.000000     .000000     .000000    1.000000     .000000
     Z       .000000     .000000    1.000000     .000000     .000000    1.000000

                     TRANSLATIONAL MASS AND MASS MOMENTS OF INERTIA
                  U1          U2          U3          R1          R2          R3
           65.885654   65.885654     .000000     .000000     .000000   11386.381

                     CENTER OF MASS
  GLOBAL          U1          U2          U3
     X     18.240866   18.240866   15.850634
     Y      9.412517    9.412517    8.629297
     Z     73.549980   73.549980   73.549980

 20, CONSTR = RIGID, DOF = U1 U2 R3

                     LOCAL COORDINATE SYSTEM FOR CONSTRAINT MASTER
  GLOBAL          U1          U2          U3          R1          R2          R3
     X      1.000000     .000000     .000000    1.000000     .000000     .000000
     Y       .000000    1.000000     .000000     .000000    1.000000     .000000
     Z       .000000     .000000    1.000000     .000000     .000000    1.000000

                     TRANSLATIONAL MASS AND MASS MOMENTS OF INERTIA
                  U1          U2          U3          R1          R2          R3
           65.885654   65.885654     .000000     .000000     .000000   11386.381

                     CENTER OF MASS
  GLOBAL          U1          U2          U3
     X     18.240866   18.240866   15.850634
     Y      9.412517    9.412517    8.629297
     Z     70.699980   70.699980   70.699980

 21, CONSTR = RIGID, DOF = U1 U2 R3

                     LOCAL COORDINATE SYSTEM FOR CONSTRAINT MASTER
  GLOBAL          U1          U2          U3          R1          R2          R3
     X      1.000000     .000000     .000000    1.000000     .000000     .000000
     Y       .000000    1.000000     .000000     .000000    1.000000     .000000
     Z       .000000     .000000    1.000000     .000000     .000000    1.000000

                     TRANSLATIONAL MASS AND MASS MOMENTS OF INERTIA
                  U1          U2          U3          R1          R2          R3
           65.885654   65.885654     .000000     .000000     .000000   11386.381

                     CENTER OF MASS
  GLOBAL          U1          U2          U3
     X     18.240866   18.240866   15.850634
     Y      9.412517    9.412517    8.629297
     Z     67.849980   67.849980   67.849980

 22, CONSTR = RIGID, DOF = U1 U2 R3

                     LOCAL COORDINATE SYSTEM FOR CONSTRAINT MASTER
  GLOBAL          U1          U2          U3          R1          R2          R3
     X      1.000000     .000000     .000000    1.000000     .000000     .000000
     Y       .000000    1.000000     .000000     .000000    1.000000     .000000
     Z       .000000     .000000    1.000000     .000000     .000000    1.000000

                     TRANSLATIONAL MASS AND MASS MOMENTS OF INERTIA
                  U1          U2          U3          R1          R2          R3
           66.070185   66.070185     .000000     .000000     .000000   11422.031

                     CENTER OF MASS
  GLOBAL          U1          U2          U3
     X     18.217812   18.217812   15.850394
     Y      9.412483    9.412483    8.629297
     Z     64.999980   64.999980   64.999980

 23, CONSTR = RIGID, DOF = U1 U2 R3

                     LOCAL COORDINATE SYSTEM FOR CONSTRAINT MASTER
  GLOBAL          U1          U2          U3          R1          R2          R3
     X      1.000000     .000000     .000000    1.000000     .000000     .000000
     Y       .000000    1.000000     .000000     .000000    1.000000     .000000
     Z       .000000     .000000    1.000000     .000000     .000000    1.000000

                     TRANSLATIONAL MASS AND MASS MOMENTS OF INERTIA
                  U1          U2          U3          R1          R2          R3
           66.443688   66.443688     .000000     .000000     .000000   11489.788

                     CENTER OF MASS
  GLOBAL          U1          U2          U3
     X     18.181139   18.181139   15.850012
     Y      9.412134    9.412134    8.629293
     Z     62.149990   62.149990   62.149990

 24, CONSTR = RIGID, DOF = U1 U2 R3

                     LOCAL COORDINATE SYSTEM FOR CONSTRAINT MASTER
  GLOBAL          U1          U2          U3          R1          R2          R3
     X      1.000000     .000000     .000000    1.000000     .000000     .000000
     Y       .000000    1.000000     .000000     .000000    1.000000     .000000
     Z       .000000     .000000    1.000000     .000000     .000000    1.000000

                     TRANSLATIONAL MASS AND MASS MOMENTS OF INERTIA
                  U1          U2          U3          R1          R2          R3
           66.443702   66.443702     .000000     .000000     .000000   11489.791

                     CENTER OF MASS
  GLOBAL          U1          U2          U3
     X     18.181139   18.181139   15.850012
     Y      9.412134    9.412134    8.629293
     Z     59.299990   59.299990   59.299990

 25, CONSTR = RIGID, DOF = U1 U2 R3

                     LOCAL COORDINATE SYSTEM FOR CONSTRAINT MASTER
  GLOBAL          U1          U2          U3          R1          R2          R3
     X      1.000000     .000000     .000000    1.000000     .000000     .000000
     Y       .000000    1.000000     .000000     .000000    1.000000     .000000
     Z       .000000     .000000    1.000000     .000000     .000000    1.000000

                     TRANSLATIONAL MASS AND MASS MOMENTS OF INERTIA
                  U1          U2          U3          R1          R2          R3
           66.443702   66.443702     .000000     .000000     .000000   11489.791

                     CENTER OF MASS
  GLOBAL          U1          U2          U3
     X     18.181139   18.181139   15.850012
     Y      9.412134    9.412134    8.629293
     Z     56.449990   56.449990   56.449990

 26, CONSTR = RIGID, DOF = U1 U2 R3

                     LOCAL COORDINATE SYSTEM FOR CONSTRAINT MASTER
  GLOBAL          U1          U2          U3          R1          R2          R3
     X      1.000000     .000000     .000000    1.000000     .000000     .000000
     Y       .000000    1.000000     .000000     .000000    1.000000     .000000
     Z       .000000     .000000    1.000000     .000000     .000000    1.000000

                     TRANSLATIONAL MASS AND MASS MOMENTS OF INERTIA
                  U1          U2          U3          R1          R2          R3
           66.443702   66.443702     .000000     .000000     .000000   11489.791

                     CENTER OF MASS
  GLOBAL          U1          U2          U3
     X     18.181139   18.181139   15.850012
     Y      9.412134    9.412134    8.629293
     Z     53.599990   53.599990   53.599990

 27, CONSTR = RIGID, DOF = U1 U2 R3

                     LOCAL COORDINATE SYSTEM FOR CONSTRAINT MASTER
  GLOBAL          U1          U2          U3          R1          R2          R3
     X      1.000000     .000000     .000000    1.000000     .000000     .000000
     Y       .000000    1.000000     .000000     .000000    1.000000     .000000
     Z       .000000     .000000    1.000000     .000000     .000000    1.000000

                     TRANSLATIONAL MASS AND MASS MOMENTS OF INERTIA
                  U1          U2          U3          R1          R2          R3
           66.108419   66.108419     .000000     .000000     .000000   11433.933

                     CENTER OF MASS
  GLOBAL          U1          U2          U3
     X     18.187387   18.187387   15.850077
     Y      9.409923    9.409923    8.629270
     Z     50.749990   50.749990   50.749990

 28, CONSTR = RIGID, DOF = U1 U2 R3

                     LOCAL COORDINATE SYSTEM FOR CONSTRAINT MASTER
  GLOBAL          U1          U2          U3          R1          R2          R3
     X      1.000000     .000000     .000000    1.000000     .000000     .000000
     Y       .000000    1.000000     .000000     .000000    1.000000     .000000
     Z       .000000     .000000    1.000000     .000000     .000000    1.000000

                     TRANSLATIONAL MASS AND MASS MOMENTS OF INERTIA
                  U1          U2          U3          R1          R2          R3
           66.108406   66.108406     .000000     .000000     .000000   11433.930

                     CENTER OF MASS
  GLOBAL          U1          U2          U3
     X     18.187387   18.187387   15.850077
     Y      9.409923    9.409923    8.629270
     Z     47.899990   47.899990   47.899990

 29, CONSTR = RIGID, DOF = U1 U2 R3

                     LOCAL COORDINATE SYSTEM FOR CONSTRAINT MASTER
  GLOBAL          U1          U2          U3          R1          R2          R3
     X      1.000000     .000000     .000000    1.000000     .000000     .000000
     Y       .000000    1.000000     .000000     .000000    1.000000     .000000
     Z       .000000     .000000    1.000000     .000000     .000000    1.000000

                     TRANSLATIONAL MASS AND MASS MOMENTS OF INERTIA
                  U1          U2          U3          R1          R2          R3
           66.108406   66.108406     .000000     .000000     .000000   11433.930

                     CENTER OF MASS
  GLOBAL          U1          U2          U3
     X     18.187387   18.187387   15.850077
     Y      9.409923    9.409923    8.629270
     Z     45.050000   45.050000   45.050000

 30, CONSTR = RIGID, DOF = U1 U2 R3

                     LOCAL COORDINATE SYSTEM FOR CONSTRAINT MASTER
  GLOBAL          U1          U2          U3          R1          R2          R3
     X      1.000000     .000000     .000000    1.000000     .000000     .000000
     Y       .000000    1.000000     .000000     .000000    1.000000     .000000
     Z       .000000     .000000    1.000000     .000000     .000000    1.000000

                     TRANSLATIONAL MASS AND MASS MOMENTS OF INERTIA
                  U1          U2          U3          R1          R2          R3
           66.108419   66.108419     .000000     .000000     .000000   11434.426

                     CENTER OF MASS
  GLOBAL          U1          U2          U3
     X     18.187387   18.187387   15.850077
     Y      9.409923    9.409923    8.629270
     Z     42.200000   42.200000   42.200000

 31, CONSTR = RIGID, DOF = U1 U2 R3

                     LOCAL COORDINATE SYSTEM FOR CONSTRAINT MASTER
  GLOBAL          U1          U2          U3          R1          R2          R3
     X      1.000000     .000000     .000000    1.000000     .000000     .000000
     Y       .000000    1.000000     .000000     .000000    1.000000     .000000
     Z       .000000     .000000    1.000000     .000000     .000000    1.000000

                     TRANSLATIONAL MASS AND MASS MOMENTS OF INERTIA
                  U1          U2          U3          R1          R2          R3
           66.108419   66.108419     .000000     .000000     .000000   11434.426

                     CENTER OF MASS
  GLOBAL          U1          U2          U3
     X     18.187387   18.187387   15.850077
     Y      9.409923    9.409923    8.629270
     Z     39.350000   39.350000   39.350000

 32, CONSTR = RIGID, DOF = U1 U2 R3

                     LOCAL COORDINATE SYSTEM FOR CONSTRAINT MASTER
  GLOBAL          U1          U2          U3          R1          R2          R3
     X      1.000000     .000000     .000000    1.000000     .000000     .000000
     Y       .000000    1.000000     .000000     .000000    1.000000     .000000
     Z       .000000     .000000    1.000000     .000000     .000000    1.000000

                     TRANSLATIONAL MASS AND MASS MOMENTS OF INERTIA
                  U1          U2          U3          R1          R2          R3
           66.108419   66.108419     .000000     .000000     .000000   11434.426

                     CENTER OF MASS
  GLOBAL          U1          U2          U3
     X     18.187387   18.187387   15.850077
     Y      9.409923    9.409923    8.629270
     Z     36.500000   36.500000   36.500000

 33, CONSTR = RIGID, DOF = U1 U2 R3

                     LOCAL COORDINATE SYSTEM FOR CONSTRAINT MASTER
  GLOBAL          U1          U2          U3          R1          R2          R3
     X      1.000000     .000000     .000000    1.000000     .000000     .000000
     Y       .000000    1.000000     .000000     .000000    1.000000     .000000
     Z       .000000     .000000    1.000000     .000000     .000000    1.000000

                     TRANSLATIONAL MASS AND MASS MOMENTS OF INERTIA
                  U1          U2          U3          R1          R2          R3
           66.108419   66.108419     .000000     .000000     .000000   11434.426

                     CENTER OF MASS
  GLOBAL          U1          U2          U3
     X     18.187387   18.187387   15.850077
     Y      9.409923    9.409923    8.629270
     Z     33.650000   33.650000   33.650000

 34, CONSTR = RIGID, DOF = U1 U2 R3

                     LOCAL COORDINATE SYSTEM FOR CONSTRAINT MASTER
  GLOBAL          U1          U2          U3          R1          R2          R3
     X      1.000000     .000000     .000000    1.000000     .000000     .000000
     Y       .000000    1.000000     .000000     .000000    1.000000     .000000
     Z       .000000     .000000    1.000000     .000000     .000000    1.000000

                     TRANSLATIONAL MASS AND MASS MOMENTS OF INERTIA
                  U1          U2          U3          R1          R2          R3
           66.108419   66.108419     .000000     .000000     .000000   11434.426

                     CENTER OF MASS
  GLOBAL          U1          U2          U3
     X     18.187387   18.187387   15.850077
     Y      9.409923    9.409923    8.629270
     Z     30.800000   30.800000   30.800000

 35, CONSTR = RIGID, DOF = U1 U2 R3

                     LOCAL COORDINATE SYSTEM FOR CONSTRAINT MASTER
  GLOBAL          U1          U2          U3          R1          R2          R3
     X      1.000000     .000000     .000000    1.000000     .000000     .000000
     Y       .000000    1.000000     .000000     .000000    1.000000     .000000
     Z       .000000     .000000    1.000000     .000000     .000000    1.000000

                     TRANSLATIONAL MASS AND MASS MOMENTS OF INERTIA
                  U1          U2          U3          R1          R2          R3
           64.501333   64.501333     .000000     .000000     .000000   11218.765

                     CENTER OF MASS
  GLOBAL          U1          U2          U3
     X     18.310757   18.310757   15.851362
     Y      9.582546    9.582546    8.631068
     Z     27.950000   27.950000   27.950000

 36, CONSTR = RIGID, DOF = U1 U2 R3

                     LOCAL COORDINATE SYSTEM FOR CONSTRAINT MASTER
  GLOBAL          U1          U2          U3          R1          R2          R3
     X      1.000000     .000000     .000000    1.000000     .000000     .000000
     Y       .000000    1.000000     .000000     .000000    1.000000     .000000
     Z       .000000     .000000    1.000000     .000000     .000000    1.000000

                     TRANSLATIONAL MASS AND MASS MOMENTS OF INERTIA
                  U1          U2          U3          R1          R2          R3
           89.358830   89.358830     .000000     .000000     .000000   21626.442

                     CENTER OF MASS
  GLOBAL          U1          U2          U3
     X     21.769967   21.769967   19.685615
     Y     10.827104   10.827104   11.854362
     Z     25.100000   25.100000   25.100000

 37, CONSTR = RIGID, DOF = U1 U2 R3

                     LOCAL COORDINATE SYSTEM FOR CONSTRAINT MASTER
  GLOBAL          U1          U2          U3          R1          R2          R3
     X      1.000000     .000000     .000000    1.000000     .000000     .000000
     Y       .000000    1.000000     .000000     .000000    1.000000     .000000
     Z       .000000     .000000    1.000000     .000000     .000000    1.000000

                     TRANSLATIONAL MASS AND MASS MOMENTS OF INERTIA
                  U1          U2          U3          R1          R2          R3
          103.945427  103.945427     .000000     .000000     .000000   21209.698

                     CENTER OF MASS
  GLOBAL          U1          U2          U3
     X     20.850656   20.850656   19.943199
     Y      9.919006    9.919006   11.270757
     Z     22.200000   22.200000   22.200000

 38, CONSTR = RIGID, DOF = U1 U2 R3

                     LOCAL COORDINATE SYSTEM FOR CONSTRAINT MASTER
  GLOBAL          U1          U2          U3          R1          R2          R3
     X      1.000000     .000000     .000000    1.000000     .000000     .000000
     Y       .000000    1.000000     .000000     .000000    1.000000     .000000
     Z       .000000     .000000    1.000000     .000000     .000000    1.000000

                     TRANSLATIONAL MASS AND MASS MOMENTS OF INERTIA
                  U1          U2          U3          R1          R2          R3
           97.335443   97.335443     .000000     .000000     .000000   25970.843

                     CENTER OF MASS
  GLOBAL          U1          U2          U3
     X     19.181850   19.181850   19.942135
     Y      9.551543    9.551543   11.421148
     Z     19.300000   19.300000   19.300000

 39, CONSTR = RIGID, DOF = U1 U2 R3

                     LOCAL COORDINATE SYSTEM FOR CONSTRAINT MASTER
  GLOBAL          U1          U2          U3          R1          R2          R3
     X      1.000000     .000000     .000000    1.000000     .000000     .000000
     Y       .000000    1.000000     .000000     .000000    1.000000     .000000
     Z       .000000     .000000    1.000000     .000000     .000000    1.000000

                     TRANSLATIONAL MASS AND MASS MOMENTS OF INERTIA
                  U1          U2          U3          R1          R2          R3
          112.563941  112.563941     .000000     .000000     .000000   26716.753

                     CENTER OF MASS
  GLOBAL          U1          U2          U3
     X     21.629184   21.629184   21.173077
     Y     11.075133   11.075133   11.858911
     Z     16.000000   16.000000   16.000000

 40, CONSTR = RIGID, DOF = U1 U2 R3

                     LOCAL COORDINATE SYSTEM FOR CONSTRAINT MASTER
  GLOBAL          U1          U2          U3          R1          R2          R3
     X      1.000000     .000000     .000000    1.000000     .000000     .000000
     Y       .000000    1.000000     .000000     .000000    1.000000     .000000
     Z       .000000     .000000    1.000000     .000000     .000000    1.000000

                     TRANSLATIONAL MASS AND MASS MOMENTS OF INERTIA
                  U1          U2          U3          R1          R2          R3
           98.226083   98.226083     .000000     .000000     .000000   24366.931

                     CENTER OF MASS
  GLOBAL          U1          U2          U3
     X     22.199028   22.199028   20.849512
     Y     11.119386   11.119386   12.069675
     Z     12.600000   12.600000   12.600000

 41, CONSTR = RIGID, DOF = U1 U2 R3

                     LOCAL COORDINATE SYSTEM FOR CONSTRAINT MASTER
  GLOBAL          U1          U2          U3          R1          R2          R3
     X      1.000000     .000000     .000000    1.000000     .000000     .000000
     Y       .000000    1.000000     .000000     .000000    1.000000     .000000
     Z       .000000     .000000    1.000000     .000000     .000000    1.000000

                     TRANSLATIONAL MASS AND MASS MOMENTS OF INERTIA
                  U1          U2          U3          R1          R2          R3
          100.625079  100.625079     .000000     .000000     .000000   25982.054

                     CENTER OF MASS
  GLOBAL          U1          U2          U3
     X     23.345355   23.345355   20.858683
     Y     11.383198   11.383198   12.071786
     Z      7.600000    7.600000    7.600000

 42, CONSTR = RIGID, DOF = U1 U2 R3

                     LOCAL COORDINATE SYSTEM FOR CONSTRAINT MASTER
  GLOBAL          U1          U2          U3          R1          R2          R3
     X      1.000000     .000000     .000000    1.000000     .000000     .000000
     Y       .000000    1.000000     .000000     .000000    1.000000     .000000
     Z       .000000     .000000    1.000000     .000000     .000000    1.000000

                     TRANSLATIONAL MASS AND MASS MOMENTS OF INERTIA
                  U1          U2          U3          R1          R2          R3
          110.685480  110.685480     .000000     .000000     .000000   30614.952

                     CENTER OF MASS
  GLOBAL          U1          U2          U3
     X     24.143961   24.143961   21.244458
     Y     12.207742   12.207742   11.729448
     Z      3.400000    3.400000    3.400000

 D I S P L A C E M E N T   D E G R E E S   O F   F R E E D O M

         (A) = Active DOF, equilibrium equation
         (-) = Restrained DOF, reaction computed
         (+) = Constrained DOF
         (>) = External substructure DOF
         ( ) = Null DOF

  JOINTS              UX  UY  UZ  RX  RY  RZ
   ~4596 TO   ~4374    A   A   A   A   A   A
    4327 TO    3319    +   +   -   -   -   +
    3315 TO    2629    +   +   A   A   A   +
   ~4606 TO   ~4369    A   A   A   A   A   A
    4328 TO    3320    +   +   -   -   -   +
    3296 TO       8    +   +   A   A   A   +
   ~4806 TO   ~4607    A   A   A   A   A   A
    4329 TO    3321    +   +   -   -   -   +
    3297 TO      15    +   +   A   A   A   +
   ~4987 TO   ~4807    A   A   A   A   A   A
    4330 TO    3322    +   +   -   -   -   +
    3298 TO      22    +   +   A   A   A   +
   ~5072 TO   ~5007    A   A   A   A   A   A
    4331 TO    3323    +   +   -   -   -   +
    3299 TO      29    +   +   A   A   A   +
   ~5387 TO   ~5207    A   A   A   A   A   A
    4332 TO    3324    +   +   -   -   -   +
    3300 TO      36    +   +   A   A   A   +
   ~5606 TO   ~5407    A   A   A   A   A   A
    4333 TO    3325    +   +   -   -   -   +
    3301 TO      43    +   +   A   A   A   +
   ~5669 TO   ~5607    A   A   A   A   A   A
    4334 TO    3326    +   +   -   -   -   +
    3302 TO      50    +   +   A   A   A   +
   ~5872 TO   ~5807    A   A   A   A   A   A
    4335 TO    3327    +   +   -   -   -   +
    3303 TO      57    +   +   A   A   A   +
   ~6206 TO   ~6007    A   A   A   A   A   A
    4336 TO    3328    +   +   -   -   -   +
    3304 TO      64    +   +   A   A   A   +
   ~6406 TO   ~6207    A   A   A   A   A   A
    4337 TO    3329    +   +   -   -   -   +
    3305 TO      71    +   +   A   A   A   +
   ~6606 TO   ~6407    A   A   A   A   A   A
    4338 TO    3330    +   +   -   -   -   +
    3306 TO      78    +   +   A   A   A   +
   ~6672 TO   ~6607    A   A   A   A   A   A
    4339 TO    3331    +   +   -   -   -   +
    3307 TO      85    +   +   A   A   A   +
   ~7006 TO   ~6807    A   A   A   A   A   A
    4340 TO    3332    +   +   -   -   -   +
    3308 TO      92    +   +   A   A   A   +
   ~7206 TO   ~7007    A   A   A   A   A   A
    4341 TO    3333    +   +   -   -   -   +
    3309 TO      99    +   +   A   A   A   +
   ~7406 TO   ~7207    A   A   A   A   A   A
    4342 TO    3334    +   +   -   -   -   +
    3310 TO     106    +   +   A   A   A   +
   ~7259 TO   ~7407    A   A   A   A   A   A
    4343 TO    3335    +   +   -   -   -   +
    3311 TO     113    +   +   A   A   A   +
   ~7672 TO   ~7607    A   A   A   A   A   A
    4344 TO    3336    +   +   -   -   -   +
    3312 TO     120    +   +   A   A   A   +
   ~8006 TO   ~7807    A   A   A   A   A   A
    4345 TO    3337    +   +   -   -   -   +
    3313 TO     127    +   +   A   A   A   +
   ~8206 TO   ~8007    A   A   A   A   A   A
    4346 TO    3338    +   +   -   -   -   +
    3314 TO     134    +   +   A   A   A   +
   ~8262 TO   ~8207    A   A   A   A   A   A
    4347 TO    3339    +   +   -   -   -   +
    3113 TO     141    +   +   A   A   A   +
   ~8606 TO   ~8407    A   A   A   A   A   A
    4348 TO    3340    +   +   -   -   -   +
    3114 TO     148    +   +   A   A   A   +
   ~8806 TO   ~8607    A   A   A   A   A   A
    4349 TO    3341    +   +   -   -   -   +
    3115 TO     155    +   +   A   A   A   +
   ~8664 TO   ~8807    A   A   A   A   A   A
    4350 TO    3342    +   +   -   -   -   +
    3116 TO     162    +   +   A   A   A   +
   ~9206 TO   ~9007    A   A   A   A   A   A
    4351 TO    3343    +   +   -   -   -   +
    3117 TO     169    +   +   A   A   A   +
   ~9266 TO   ~9207    A   A   A   A   A   A
    4352 TO    3344    +   +   -   -   -   +
    3118 TO     176    +   +   A   A   A   +
   ~9606 TO   ~9407    A   A   A   A   A   A
    4353 TO    3345    +   +   -   -   -   +
    3119 TO     183    +   +   A   A   A   +
   ~9666 TO   ~9607    A   A   A   A   A   A
    4354 TO    3346    +   +   -   -   -   +
    3120 TO     190    +   +   A   A   A   +
   ~9996 TO   ~9807    A   A   A   A   A   A
    4355 TO    3347    +   +   -   -   -   +
    3121 TO     197    +   +   A   A   A   +
  ~10187 TO  ~10007    A   A   A   A   A   A
    4356 TO    3348    +   +   -   -   -   +
    3122 TO     204    +   +   A   A   A   +
  ~10406 TO  ~10207    A   A   A   A   A   A
    4357 TO    3349    +   +   -   -   -   +
    3123 TO     211    +   +   A   A   A   +
  ~10606 TO  ~10407    A   A   A   A   A   A
    4358 TO    3350    +   +   -   -   -   +
    3124 TO     218    +   +   A   A   A   +
  ~10806 TO  ~10607    A   A   A   A   A   A
    4359 TO    3351    +   +   -   -   -   +
    3125 TO     225    +   +   A   A   A   +
  ~10869 TO  ~10812    A   A   A   A   A   A
    4360 TO    3352    +   +   -   -   -   +
    3112 TO       1    +   +   A   A   A   +
  ~11193 TO  ~11012    A   A   A   A   A   A
    4361 TO    3353    +   +   -   -   -   +
    3126 TO     511    +   +   A   A   A   +
  ~11191 TO  ~11212    A   A   A   A   A   A
    4362 TO    3354    +   +   -   -   -   +
    3127 TO    1008    +   +   A   A   A   +
  ~11391 TO  ~11420    A   A   A   A   A   A
    4363 TO    3355    +   +   -   -   -   +
    3318 TO    2376    +   +   A   A   A   +
    2375               +   +   +   +   +   +
    2374 TO    2183    +   +   A   A   A   +
    2182               +   +   +   +   +   +
  ~11690 TO  ~11709    A   A   A   A   A   A
    4364 TO    3356    +   +   -   -   -   +
    3138 TO    1986    +   +   A   A   A   +
  ~12244 TO  ~11982    A   A   A   A   A   A
    4365 TO    3357    +   +   -   -   -   +
    3137 TO    2508    +   +   A   A   A   +
  ~12517 TO  ~12260    A   A   A   A   A   A
    4366 TO    3358    +   +   -   -   -   +
    3131 TO    2043    +   +   A   A   A   +
  ~12513 TO  ~12528    A   A   A   A   A   A
    4367 TO    3359    +   +   -   -   -   +
    3132 TO    2109    +   +   A   A   A   +
  ~13469 TO  ~13126    A   A   A   A   A   A
    4368 TO    3360    +   +   -   -   -   +
    3130 TO    2270    +   +   A   A   A   +
  ~13478 TO  ~13496    A   A   A   A   A   A
  ~13854 TO    2886    -   -   -   -   -   -
    NULL                                    

  CONSTRAINTS         U1  U2  U3  R1  R2  R3
 1       TO 42         A   A               A
 ~LineCo                       A   A   A    
