                                 E T A B S (R)                                  

                                 Version 9.5.0.0                                

                            Copyright (C) 1984-2008                             
                         COMPUTERS AND STRUCTURES, INC.                         
                              All rights reserved                               

                 This copy of ETABS is for the exclusive use of                 

                                  THE LICENSEE                                  

           Unauthorized use is in violation of Federal copyright laws           

               It is the responsibility of the user to verify all               
                        results produced by this program                        

                              5 Nov 2019  13:51:10                              
 Program ETABS Version 9.5.0.0                      File:ModificarSeccionTyL.OUT
                                                                            Page
                                                                               1

 C O N S T R A I N T   C O O R D I N A T E S   A N D   M A S S E S

 CONS       1 ================== TYPE = DIAPH, NORMAL DIRECTION = U3

                     LOCAL COORDINATE SYSTEM FOR CONSTRAINT MASTER
  GLOBAL          U1          U2          U3          R1          R2          R3
     X      1.000000     .000000     .000000    1.000000     .000000     .000000
     Y       .000000    1.000000     .000000     .000000    1.000000     .000000
     Z       .000000     .000000    1.000000     .000000     .000000    1.000000

                     TRANSLATIONAL MASS AND MASS MOMENTS OF INERTIA
                  U1          U2          U3          R1          R2          R3
          125.336794  125.336794     .000000     .000000     .000000   45951.258

                     CENTER OF MASS
  GLOBAL          U1          U2          U3
     X     18.913376   18.913376   16.701239
     Y     23.117444   23.117444   23.476618
     Z      8.600000    8.600000    8.600000

 CONS       2 ================== TYPE = DIAPH, NORMAL DIRECTION = U3

                     LOCAL COORDINATE SYSTEM FOR CONSTRAINT MASTER
  GLOBAL          U1          U2          U3          R1          R2          R3
     X      1.000000     .000000     .000000    1.000000     .000000     .000000
     Y       .000000    1.000000     .000000     .000000    1.000000     .000000
     Z       .000000     .000000    1.000000     .000000     .000000    1.000000

                     TRANSLATIONAL MASS AND MASS MOMENTS OF INERTIA
                  U1          U2          U3          R1          R2          R3
           81.912076   81.912076     .000000     .000000     .000000   28247.877

                     CENTER OF MASS
  GLOBAL          U1          U2          U3
     X     18.804423   18.804423   18.996298
     Y     23.450877   23.450877   23.736061
     Z      5.800000    5.800000    5.800000

 CONS       3 ================== TYPE = DIAPH, NORMAL DIRECTION = U3

                     LOCAL COORDINATE SYSTEM FOR CONSTRAINT MASTER
  GLOBAL          U1          U2          U3          R1          R2          R3
     X      1.000000     .000000     .000000    1.000000     .000000     .000000
     Y       .000000    1.000000     .000000     .000000    1.000000     .000000
     Z       .000000     .000000    1.000000     .000000     .000000    1.000000

                     TRANSLATIONAL MASS AND MASS MOMENTS OF INERTIA
                  U1          U2          U3          R1          R2          R3
           83.863279   83.863279     .000000     .000000     .000000   28487.895
 Program ETABS Version 9.5.0.0                      File:ModificarSeccionTyL.OUT
                                                                            Page
                                                                               2

 C O N S T R A I N T   C O O R D I N A T E S   A N D   M A S S E S

                     CENTER OF MASS
  GLOBAL          U1          U2          U3
     X     18.841841   18.841841   19.584078
     Y     23.451059   23.451059   23.747851
     Z      3.000000    3.000000    3.000000

 CONS       4 ================== TYPE = DIAPH, NORMAL DIRECTION = U3

                     LOCAL COORDINATE SYSTEM FOR CONSTRAINT MASTER
  GLOBAL          U1          U2          U3          R1          R2          R3
     X      1.000000     .000000     .000000    1.000000     .000000     .000000
     Y       .000000    1.000000     .000000     .000000    1.000000     .000000
     Z       .000000     .000000    1.000000     .000000     .000000    1.000000

                     TRANSLATIONAL MASS AND MASS MOMENTS OF INERTIA
                  U1          U2          U3          R1          R2          R3
            3.292760    3.292760     .000000     .000000     .000000    1049.632

                     CENTER OF MASS
  GLOBAL          U1          U2          U3
     X     20.106416   20.106416   20.106416
     Y     23.632830   23.632830   23.632830
     Z       .000000     .000000     .000000
 Program ETABS Version 9.5.0.0                      File:ModificarSeccionTyL.OUT
                                                                            Page
                                                                               3

 D I S P L A C E M E N T   D E G R E E S   O F   F R E E D O M

         (A) = Active DOF, equilibrium equation
         (-) = Restrained DOF, reaction computed
         (+) = Constrained DOF
         (>) = External substructure DOF
         ( ) = Null DOF

  JOINTS              UX  UY  UZ  RX  RY  RZ
       1               +   +               +
       2 TO       5    +   +   A   A   A   +
       6               +   +   -   A   A   +
       7 TO      12    +   +   A   A   A   +
      13               +   +   -   A   A   +
      14 TO      58    +   +   A   A   A   +
      59 TO      62    +   +   -   A   A   +
      63 TO      72    +   +   A   A   A   +
      73               +   +   -   A   A   +
      74 TO      78    +   +   A   A   A   +
      79               +   +   -   A   A   +
      80 TO      91    +   +   A   A   A   +
      92               +   +               +
      93               +   +   -   A   A   +
      94 TO      97    +   +   A   A   A   +
      98               +   +   -   A   A   +
      99 TO     112    +   +   A   A   A   +
     113 TO     116    +   +   -   A   A   +
     117 TO     128    +   +   A   A   A   +
     129 TO     130    +   +   -   A   A   +
     131 TO     171    +   +   A   A   A   +
     172               +   +               +
     173 TO     232    +   +   A   A   A   +
     233               +   +   -   A   A   +
     234 TO     238    +   +   A   A   A   +
     239               +   +   -   A   A   +
     240 TO     284    +   +   A   A   A   +
     285 TO     288    +   +   -   A   A   +
     289 TO     300    +   +   A   A   A   +
     301 TO     302    +   +   -   A   A   +
     303 TO     313    +   +   A   A   A   +
     314 TO     569    A   A   A   A   A   A
     570               +   +               +
     571 TO     628    -   -   -   A   A   A
     629 TO     630    -   -   -   -   -   -
     631 TO     636    -   -   -   A   A   A
     637 TO     674    -   -   -   -   -   -

  CONSTRAINTS         U1  U2  U3  R1  R2  R3
       1 TO       3    A   A               A
       4                                    
 Program ETABS Version 9.5.0.0                      File:ModificarSeccionTyL.OUT
                                                                            Page
                                                                               4

 A S S E M B L E D   J O I N T   M A S S E S

 IN GLOBAL COORDINATES

   JOINT          UX          UY          UZ          RX          RY          RZ
       1  125.336794  125.336794     .000000     .000000     .000000   45951.258
      92   81.912076   81.912076     .000000     .000000     .000000   28247.877
     172   83.863279   83.863279     .000000     .000000     .000000   28487.895
     314    0.008942    0.008942     .000000     .000000     .000000     .000000
     315    0.017885    0.017885     .000000     .000000     .000000     .000000
     316    0.017885    0.017885     .000000     .000000     .000000     .000000
     317    0.017885    0.017885     .000000     .000000     .000000     .000000
     318    0.017885    0.017885     .000000     .000000     .000000     .000000
     319    0.017885    0.017885     .000000     .000000     .000000     .000000
     320    0.017885    0.017885     .000000     .000000     .000000     .000000
     321    0.017885    0.017885     .000000     .000000     .000000     .000000
     322    0.017885    0.017885     .000000     .000000     .000000     .000000
     323    0.017885    0.017885     .000000     .000000     .000000     .000000
     324    0.017885    0.017885     .000000     .000000     .000000     .000000
     325    0.017885    0.017885     .000000     .000000     .000000     .000000
     326    0.017885    0.017885     .000000     .000000     .000000     .000000
     327    0.017885    0.017885     .000000     .000000     .000000     .000000
     328    0.008942    0.008942     .000000     .000000     .000000     .000000
     329    0.017885    0.017885     .000000     .000000     .000000     .000000
     330    0.008942    0.008942     .000000     .000000     .000000     .000000
     331    0.017885    0.017885     .000000     .000000     .000000     .000000
     332    0.017885    0.017885     .000000     .000000     .000000     .000000
     333    0.017885    0.017885     .000000     .000000     .000000     .000000
     334    0.017885    0.017885     .000000     .000000     .000000     .000000
     335    0.017885    0.017885     .000000     .000000     .000000     .000000
     336    0.017885    0.017885     .000000     .000000     .000000     .000000
     337    0.017885    0.017885     .000000     .000000     .000000     .000000
     338    0.017885    0.017885     .000000     .000000     .000000     .000000
     339    0.017885    0.017885     .000000     .000000     .000000     .000000
     340    0.017885    0.017885     .000000     .000000     .000000     .000000
     341    0.017885    0.017885     .000000     .000000     .000000     .000000
     342    0.017885    0.017885     .000000     .000000     .000000     .000000
     343    0.017885    0.017885     .000000     .000000     .000000     .000000
     344    0.008942    0.008942     .000000     .000000     .000000     .000000
     345    0.017885    0.017885     .000000     .000000     .000000     .000000
     346    0.008942    0.008942     .000000     .000000     .000000     .000000
     347    0.017885    0.017885     .000000     .000000     .000000     .000000
     348    0.017885    0.017885     .000000     .000000     .000000     .000000
     349    0.017885    0.017885     .000000     .000000     .000000     .000000
     350    0.017885    0.017885     .000000     .000000     .000000     .000000
     351    0.017885    0.017885     .000000     .000000     .000000     .000000
     352    0.017885    0.017885     .000000     .000000     .000000     .000000
     353    0.017885    0.017885     .000000     .000000     .000000     .000000
     354    0.017885    0.017885     .000000     .000000     .000000     .000000
     355    0.017885    0.017885     .000000     .000000     .000000     .000000
     356    0.017885    0.017885     .000000     .000000     .000000     .000000
     357    0.017885    0.017885     .000000     .000000     .000000     .000000
 Program ETABS Version 9.5.0.0                      File:ModificarSeccionTyL.OUT
                                                                            Page
                                                                               5

 A S S E M B L E D   J O I N T   M A S S E S

 IN GLOBAL COORDINATES

   JOINT          UX          UY          UZ          RX          RY          RZ
     358    0.017885    0.017885     .000000     .000000     .000000     .000000
     359    0.017885    0.017885     .000000     .000000     .000000     .000000
     360    0.008942    0.008942     .000000     .000000     .000000     .000000
     361    0.017885    0.017885     .000000     .000000     .000000     .000000
     362    0.008942    0.008942     .000000     .000000     .000000     .000000
     363    0.017885    0.017885     .000000     .000000     .000000     .000000
     364    0.017885    0.017885     .000000     .000000     .000000     .000000
     365    0.017885    0.017885     .000000     .000000     .000000     .000000
     366    0.017885    0.017885     .000000     .000000     .000000     .000000
     367    0.017885    0.017885     .000000     .000000     .000000     .000000
     368    0.017885    0.017885     .000000     .000000     .000000     .000000
     369    0.017885    0.017885     .000000     .000000     .000000     .000000
     370    0.017885    0.017885     .000000     .000000     .000000     .000000
     371    0.017885    0.017885     .000000     .000000     .000000     .000000
     372    0.017885    0.017885     .000000     .000000     .000000     .000000
     373    0.017885    0.017885     .000000     .000000     .000000     .000000
     374    0.017885    0.017885     .000000     .000000     .000000     .000000
     375    0.017885    0.017885     .000000     .000000     .000000     .000000
     376    0.008942    0.008942     .000000     .000000     .000000     .000000
     377    0.017885    0.017885     .000000     .000000     .000000     .000000
     378    0.008942    0.008942     .000000     .000000     .000000     .000000
     379    0.017885    0.017885     .000000     .000000     .000000     .000000
     380    0.017885    0.017885     .000000     .000000     .000000     .000000
     381    0.017885    0.017885     .000000     .000000     .000000     .000000
     382    0.017885    0.017885     .000000     .000000     .000000     .000000
     383    0.017885    0.017885     .000000     .000000     .000000     .000000
     384    0.017885    0.017885     .000000     .000000     .000000     .000000
     385    0.017885    0.017885     .000000     .000000     .000000     .000000
     386    0.017885    0.017885     .000000     .000000     .000000     .000000
     387    0.017885    0.017885     .000000     .000000     .000000     .000000
     388    0.017885    0.017885     .000000     .000000     .000000     .000000
     389    0.017885    0.017885     .000000     .000000     .000000     .000000
     390    0.017885    0.017885     .000000     .000000     .000000     .000000
     391    0.017885    0.017885     .000000     .000000     .000000     .000000
     392    0.008942    0.008942     .000000     .000000     .000000     .000000
     393    0.017885    0.017885     .000000     .000000     .000000     .000000
     394    0.008942    0.008942     .000000     .000000     .000000     .000000
     395    0.017885    0.017885     .000000     .000000     .000000     .000000
     396    0.017885    0.017885     .000000     .000000     .000000     .000000
     397    0.017885    0.017885     .000000     .000000     .000000     .000000
     398    0.017885    0.017885     .000000     .000000     .000000     .000000
     399    0.017885    0.017885     .000000     .000000     .000000     .000000
     400    0.017885    0.017885     .000000     .000000     .000000     .000000
     401    0.017885    0.017885     .000000     .000000     .000000     .000000
     402    0.017885    0.017885     .000000     .000000     .000000     .000000
     403    0.017885    0.017885     .000000     .000000     .000000     .000000
     404    0.017885    0.017885     .000000     .000000     .000000     .000000
 Program ETABS Version 9.5.0.0                      File:ModificarSeccionTyL.OUT
                                                                            Page
                                                                               6

 A S S E M B L E D   J O I N T   M A S S E S

 IN GLOBAL COORDINATES

   JOINT          UX          UY          UZ          RX          RY          RZ
     405    0.017885    0.017885     .000000     .000000     .000000     .000000
     406    0.017885    0.017885     .000000     .000000     .000000     .000000
     407    0.017885    0.017885     .000000     .000000     .000000     .000000
     408    0.008942    0.008942     .000000     .000000     .000000     .000000
     409    0.017885    0.017885     .000000     .000000     .000000     .000000
     410    0.008942    0.008942     .000000     .000000     .000000     .000000
     411    0.017885    0.017885     .000000     .000000     .000000     .000000
     412    0.017885    0.017885     .000000     .000000     .000000     .000000
     413    0.017885    0.017885     .000000     .000000     .000000     .000000
     414    0.017885    0.017885     .000000     .000000     .000000     .000000
     415    0.017885    0.017885     .000000     .000000     .000000     .000000
     416    0.017885    0.017885     .000000     .000000     .000000     .000000
     417    0.017885    0.017885     .000000     .000000     .000000     .000000
     418    0.017885    0.017885     .000000     .000000     .000000     .000000
     419    0.017885    0.017885     .000000     .000000     .000000     .000000
     420    0.017885    0.017885     .000000     .000000     .000000     .000000
     421    0.017885    0.017885     .000000     .000000     .000000     .000000
     422    0.017885    0.017885     .000000     .000000     .000000     .000000
     423    0.017885    0.017885     .000000     .000000     .000000     .000000
     424    0.008942    0.008942     .000000     .000000     .000000     .000000
     425    0.017885    0.017885     .000000     .000000     .000000     .000000
     426    0.008942    0.008942     .000000     .000000     .000000     .000000
     427    0.017885    0.017885     .000000     .000000     .000000     .000000
     428    0.017885    0.017885     .000000     .000000     .000000     .000000
     429    0.017885    0.017885     .000000     .000000     .000000     .000000
     430    0.017885    0.017885     .000000     .000000     .000000     .000000
     431    0.017885    0.017885     .000000     .000000     .000000     .000000
     432    0.017885    0.017885     .000000     .000000     .000000     .000000
     433    0.017885    0.017885     .000000     .000000     .000000     .000000
     434    0.017885    0.017885     .000000     .000000     .000000     .000000
     435    0.017885    0.017885     .000000     .000000     .000000     .000000
     436    0.017885    0.017885     .000000     .000000     .000000     .000000
     437    0.017885    0.017885     .000000     .000000     .000000     .000000
     438    0.017885    0.017885     .000000     .000000     .000000     .000000
     439    0.017885    0.017885     .000000     .000000     .000000     .000000
     440    0.008942    0.008942     .000000     .000000     .000000     .000000
     441    0.017885    0.017885     .000000     .000000     .000000     .000000
     442    0.008942    0.008942     .000000     .000000     .000000     .000000
     443    0.017885    0.017885     .000000     .000000     .000000     .000000
     444    0.017885    0.017885     .000000     .000000     .000000     .000000
     445    0.017885    0.017885     .000000     .000000     .000000     .000000
     446    0.017885    0.017885     .000000     .000000     .000000     .000000
     447    0.017885    0.017885     .000000     .000000     .000000     .000000
     448    0.017885    0.017885     .000000     .000000     .000000     .000000
     449    0.017885    0.017885     .000000     .000000     .000000     .000000
     450    0.017885    0.017885     .000000     .000000     .000000     .000000
     451    0.017885    0.017885     .000000     .000000     .000000     .000000
 Program ETABS Version 9.5.0.0                      File:ModificarSeccionTyL.OUT
                                                                            Page
                                                                               7

 A S S E M B L E D   J O I N T   M A S S E S

 IN GLOBAL COORDINATES

   JOINT          UX          UY          UZ          RX          RY          RZ
     452    0.017885    0.017885     .000000     .000000     .000000     .000000
     453    0.017885    0.017885     .000000     .000000     .000000     .000000
     454    0.017885    0.017885     .000000     .000000     .000000     .000000
     455    0.017885    0.017885     .000000     .000000     .000000     .000000
     456    0.008942    0.008942     .000000     .000000     .000000     .000000
     457    0.017885    0.017885     .000000     .000000     .000000     .000000
     458    0.008942    0.008942     .000000     .000000     .000000     .000000
     459    0.017885    0.017885     .000000     .000000     .000000     .000000
     460    0.017885    0.017885     .000000     .000000     .000000     .000000
     461    0.017885    0.017885     .000000     .000000     .000000     .000000
     462    0.017885    0.017885     .000000     .000000     .000000     .000000
     463    0.017885    0.017885     .000000     .000000     .000000     .000000
     464    0.017885    0.017885     .000000     .000000     .000000     .000000
     465    0.017885    0.017885     .000000     .000000     .000000     .000000
     466    0.017885    0.017885     .000000     .000000     .000000     .000000
     467    0.017885    0.017885     .000000     .000000     .000000     .000000
     468    0.017885    0.017885     .000000     .000000     .000000     .000000
     469    0.017885    0.017885     .000000     .000000     .000000     .000000
     470    0.017885    0.017885     .000000     .000000     .000000     .000000
     471    0.017885    0.017885     .000000     .000000     .000000     .000000
     472    0.008942    0.008942     .000000     .000000     .000000     .000000
     473    0.017885    0.017885     .000000     .000000     .000000     .000000
     474    0.008942    0.008942     .000000     .000000     .000000     .000000
     475    0.017885    0.017885     .000000     .000000     .000000     .000000
     476    0.017885    0.017885     .000000     .000000     .000000     .000000
     477    0.017885    0.017885     .000000     .000000     .000000     .000000
     478    0.017885    0.017885     .000000     .000000     .000000     .000000
     479    0.017885    0.017885     .000000     .000000     .000000     .000000
     480    0.017885    0.017885     .000000     .000000     .000000     .000000
     481    0.017885    0.017885     .000000     .000000     .000000     .000000
     482    0.017885    0.017885     .000000     .000000     .000000     .000000
     483    0.017885    0.017885     .000000     .000000     .000000     .000000
     484    0.017885    0.017885     .000000     .000000     .000000     .000000
     485    0.017885    0.017885     .000000     .000000     .000000     .000000
     486    0.017885    0.017885     .000000     .000000     .000000     .000000
     487    0.017885    0.017885     .000000     .000000     .000000     .000000
     488    0.008942    0.008942     .000000     .000000     .000000     .000000
     489    0.017885    0.017885     .000000     .000000     .000000     .000000
     490    0.008942    0.008942     .000000     .000000     .000000     .000000
     491    0.017885    0.017885     .000000     .000000     .000000     .000000
     492    0.017885    0.017885     .000000     .000000     .000000     .000000
     493    0.017885    0.017885     .000000     .000000     .000000     .000000
     494    0.017885    0.017885     .000000     .000000     .000000     .000000
     495    0.017885    0.017885     .000000     .000000     .000000     .000000
     496    0.017885    0.017885     .000000     .000000     .000000     .000000
     497    0.017885    0.017885     .000000     .000000     .000000     .000000
     498    0.017885    0.017885     .000000     .000000     .000000     .000000
 Program ETABS Version 9.5.0.0                      File:ModificarSeccionTyL.OUT
                                                                            Page
                                                                               8

 A S S E M B L E D   J O I N T   M A S S E S

 IN GLOBAL COORDINATES

   JOINT          UX          UY          UZ          RX          RY          RZ
     499    0.017885    0.017885     .000000     .000000     .000000     .000000
     500    0.017885    0.017885     .000000     .000000     .000000     .000000
     501    0.017885    0.017885     .000000     .000000     .000000     .000000
     502    0.017885    0.017885     .000000     .000000     .000000     .000000
     503    0.017885    0.017885     .000000     .000000     .000000     .000000
     504    0.008942    0.008942     .000000     .000000     .000000     .000000
     505    0.017885    0.017885     .000000     .000000     .000000     .000000
     506    0.008942    0.008942     .000000     .000000     .000000     .000000
     507    0.017885    0.017885     .000000     .000000     .000000     .000000
     508    0.017885    0.017885     .000000     .000000     .000000     .000000
     509    0.017885    0.017885     .000000     .000000     .000000     .000000
     510    0.017885    0.017885     .000000     .000000     .000000     .000000
     511    0.017885    0.017885     .000000     .000000     .000000     .000000
     512    0.017885    0.017885     .000000     .000000     .000000     .000000
     513    0.017885    0.017885     .000000     .000000     .000000     .000000
     514    0.017885    0.017885     .000000     .000000     .000000     .000000
     515    0.017885    0.017885     .000000     .000000     .000000     .000000
     516    0.017885    0.017885     .000000     .000000     .000000     .000000
     517    0.017885    0.017885     .000000     .000000     .000000     .000000
     518    0.017885    0.017885     .000000     .000000     .000000     .000000
     519    0.017885    0.017885     .000000     .000000     .000000     .000000
     520    0.008942    0.008942     .000000     .000000     .000000     .000000
     521    0.017885    0.017885     .000000     .000000     .000000     .000000
     522    0.008942    0.008942     .000000     .000000     .000000     .000000
     523    0.017885    0.017885     .000000     .000000     .000000     .000000
     524    0.017885    0.017885     .000000     .000000     .000000     .000000
     525    0.017885    0.017885     .000000     .000000     .000000     .000000
     526    0.017885    0.017885     .000000     .000000     .000000     .000000
     527    0.017885    0.017885     .000000     .000000     .000000     .000000
     528    0.017885    0.017885     .000000     .000000     .000000     .000000
     529    0.017885    0.017885     .000000     .000000     .000000     .000000
     530    0.017885    0.017885     .000000     .000000     .000000     .000000
     531    0.017885    0.017885     .000000     .000000     .000000     .000000
     532    0.017885    0.017885     .000000     .000000     .000000     .000000
     533    0.017885    0.017885     .000000     .000000     .000000     .000000
     534    0.017885    0.017885     .000000     .000000     .000000     .000000
     535    0.017885    0.017885     .000000     .000000     .000000     .000000
     536    0.008942    0.008942     .000000     .000000     .000000     .000000
     537    0.017885    0.017885     .000000     .000000     .000000     .000000
     538    0.008942    0.008942     .000000     .000000     .000000     .000000
     539    0.017885    0.017885     .000000     .000000     .000000     .000000
     540    0.017885    0.017885     .000000     .000000     .000000     .000000
     541    0.017885    0.017885     .000000     .000000     .000000     .000000
     542    0.017885    0.017885     .000000     .000000     .000000     .000000
     543    0.017885    0.017885     .000000     .000000     .000000     .000000
     544    0.017885    0.017885     .000000     .000000     .000000     .000000
     545    0.017885    0.017885     .000000     .000000     .000000     .000000
 Program ETABS Version 9.5.0.0                      File:ModificarSeccionTyL.OUT
                                                                            Page
                                                                               9

 A S S E M B L E D   J O I N T   M A S S E S

 IN GLOBAL COORDINATES

   JOINT          UX          UY          UZ          RX          RY          RZ
     546    0.017885    0.017885     .000000     .000000     .000000     .000000
     547    0.017885    0.017885     .000000     .000000     .000000     .000000
     548    0.017885    0.017885     .000000     .000000     .000000     .000000
     549    0.017885    0.017885     .000000     .000000     .000000     .000000
     550    0.017885    0.017885     .000000     .000000     .000000     .000000
     551    0.017885    0.017885     .000000     .000000     .000000     .000000
     552    0.008942    0.008942     .000000     .000000     .000000     .000000
     553    0.017885    0.017885     .000000     .000000     .000000     .000000
     554    0.008942    0.008942     .000000     .000000     .000000     .000000
     555    0.017885    0.017885     .000000     .000000     .000000     .000000
     556    0.017885    0.017885     .000000     .000000     .000000     .000000
     557    0.017885    0.017885     .000000     .000000     .000000     .000000
     558    0.017885    0.017885     .000000     .000000     .000000     .000000
     559    0.017885    0.017885     .000000     .000000     .000000     .000000
     560    0.017885    0.017885     .000000     .000000     .000000     .000000
     561    0.017885    0.017885     .000000     .000000     .000000     .000000
     562    0.017885    0.017885     .000000     .000000     .000000     .000000
     563    0.017885    0.017885     .000000     .000000     .000000     .000000
     564    0.017885    0.017885     .000000     .000000     .000000     .000000
     565    0.017885    0.017885     .000000     .000000     .000000     .000000
     566    0.017885    0.017885     .000000     .000000     .000000     .000000
     567    0.017885    0.017885     .000000     .000000     .000000     .000000
     568    0.008942    0.008942     .000000     .000000     .000000     .000000
     569    0.017885    0.017885     .000000     .000000     .000000     .000000
     570    3.292760    3.292760     .000000     .000000     .000000    1049.632
     571    0.008942    0.008942     .000000     .000000     .000000     .000000
     572    0.008942    0.008942     .000000     .000000     .000000     .000000
     573    0.008942    0.008942     .000000     .000000     .000000     .000000
     574    0.008942    0.008942     .000000     .000000     .000000     .000000
     575    0.008942    0.008942     .000000     .000000     .000000     .000000
     576    0.008942    0.008942     .000000     .000000     .000000     .000000
     577    0.008942    0.008942     .000000     .000000     .000000     .000000
     578    0.008942    0.008942     .000000     .000000     .000000     .000000
     579    0.008942    0.008942     .000000     .000000     .000000     .000000
     580    0.008942    0.008942     .000000     .000000     .000000     .000000
     581    0.008942    0.008942     .000000     .000000     .000000     .000000
     582    0.008942    0.008942     .000000     .000000     .000000     .000000
     583    0.008942    0.008942     .000000     .000000     .000000     .000000
     584    0.008942    0.008942     .000000     .000000     .000000     .000000
     585    0.004471    0.004471     .000000     .000000     .000000     .000000
     586    0.004471    0.004471     .000000     .000000     .000000     .000000
     587    0.008942    0.008942     .000000     .000000     .000000     .000000
     588    0.008942    0.008942     .000000     .000000     .000000     .000000
     589    0.008942    0.008942     .000000     .000000     .000000     .000000
     590    0.008942    0.008942     .000000     .000000     .000000     .000000
     591    0.008942    0.008942     .000000     .000000     .000000     .000000
     592    0.008942    0.008942     .000000     .000000     .000000     .000000
 Program ETABS Version 9.5.0.0                      File:ModificarSeccionTyL.OUT
                                                                            Page
                                                                              10

 A S S E M B L E D   J O I N T   M A S S E S

 IN GLOBAL COORDINATES

   JOINT          UX          UY          UZ          RX          RY          RZ
     593    0.008942    0.008942     .000000     .000000     .000000     .000000
     594    0.008942    0.008942     .000000     .000000     .000000     .000000
     595    0.008942    0.008942     .000000     .000000     .000000     .000000
     596    0.008942    0.008942     .000000     .000000     .000000     .000000
     597    0.008942    0.008942     .000000     .000000     .000000     .000000
     598    0.008942    0.008942     .000000     .000000     .000000     .000000
     599    0.008942    0.008942     .000000     .000000     .000000     .000000
     600    0.008942    0.008942     .000000     .000000     .000000     .000000
     601    0.008942    0.008942     .000000     .000000     .000000     .000000
     602    0.008942    0.008942     .000000     .000000     .000000     .000000
     603    0.008942    0.008942     .000000     .000000     .000000     .000000
     604    0.008942    0.008942     .000000     .000000     .000000     .000000
     605    0.008942    0.008942     .000000     .000000     .000000     .000000
     606    0.008942    0.008942     .000000     .000000     .000000     .000000
     607    0.008942    0.008942     .000000     .000000     .000000     .000000
     608    0.008942    0.008942     .000000     .000000     .000000     .000000
     609    0.008942    0.008942     .000000     .000000     .000000     .000000
     610    0.008942    0.008942     .000000     .000000     .000000     .000000
     611    0.008942    0.008942     .000000     .000000     .000000     .000000
     612    0.008942    0.008942     .000000     .000000     .000000     .000000
     613    0.008942    0.008942     .000000     .000000     .000000     .000000
     614    0.008942    0.008942     .000000     .000000     .000000     .000000
     615    0.008942    0.008942     .000000     .000000     .000000     .000000
     616    0.008942    0.008942     .000000     .000000     .000000     .000000
     617    0.008942    0.008942     .000000     .000000     .000000     .000000
     618    0.008942    0.008942     .000000     .000000     .000000     .000000
     619    0.008942    0.008942     .000000     .000000     .000000     .000000
     620    0.008942    0.008942     .000000     .000000     .000000     .000000
     621    0.008942    0.008942     .000000     .000000     .000000     .000000
     622    0.008942    0.008942     .000000     .000000     .000000     .000000
     623    0.008942    0.008942     .000000     .000000     .000000     .000000
     624    0.008942    0.008942     .000000     .000000     .000000     .000000
     625    0.008942    0.008942     .000000     .000000     .000000     .000000
     626    0.008942    0.008942     .000000     .000000     .000000     .000000
     627    0.008942    0.008942     .000000     .000000     .000000     .000000
     628    0.008942    0.008942     .000000     .000000     .000000     .000000
     629    0.275623    0.275623     .000000     .000000     .000000     .000000
     630    0.102899    0.102899     .000000     .000000     .000000     .000000
     631    0.004471    0.004471     .000000     .000000     .000000     .000000
     632    0.004471    0.004471     .000000     .000000     .000000     .000000
     633    0.004471    0.004471     .000000     .000000     .000000     .000000
     634    0.004471    0.004471     .000000     .000000     .000000     .000000
     635    0.004471    0.004471     .000000     .000000     .000000     .000000
     636    0.004471    0.004471     .000000     .000000     .000000     .000000
     637    0.102899    0.102899     .000000     .000000     .000000     .000000
     638    0.102899    0.102899     .000000     .000000     .000000     .000000
     639    0.102899    0.102899     .000000     .000000     .000000     .000000
 Program ETABS Version 9.5.0.0                      File:ModificarSeccionTyL.OUT
                                                                            Page
                                                                              11

 A S S E M B L E D   J O I N T   M A S S E S

 IN GLOBAL COORDINATES

   JOINT          UX          UY          UZ          RX          RY          RZ
     640    0.102899    0.102899     .000000     .000000     .000000     .000000
     641    0.102899    0.102899     .000000     .000000     .000000     .000000
     642    0.102899    0.102899     .000000     .000000     .000000     .000000


 T O T A L   A S S E M B L E D   J O I N T   M A S S E S

 IN GLOBAL COORDINATES

                  UX          UY          UZ          RX          RY          RZ
   TOTAL  300.229707  300.229707     .000000     .000000     .000000  103736.662


 T O T A L   A C C E L E R A T E D   M A S S   A N D   L O C A T I O N

 TOTAL MASS ACTIVATED BY ACCELERATION LOADS, IN GLOBAL COORDINATES

                  UX          UY          UZ
    MASS  298.697250  298.697250     .000000
   X-LOC   18.893710   18.893710     .000000
   Y-LOC   23.313907   23.313907     .000000
   Z-LOC    6.063045    6.063045     .000000
 Program ETABS Version 9.5.0.0                      File:ModificarSeccionTyL.OUT
                                                                            Page
                                                                              12

 M O D A L   P E R I O D S   A N D   F R E Q U E N C I E S

    MODE      PERIOD   FREQUENCY   FREQUENCY  EIGENVALUE
              (TIME)  (CYC/TIME)  (RAD/TIME)  (RAD/TIME)**2

       1    0.429512    2.328221   14.628645  213.997266
       2    0.411565    2.429748   15.266559  233.067829
       3    0.359558    2.781192   17.474743  305.366629
       4    0.103663    9.646650   60.611692    3673.777
       5    0.094405   10.592689   66.555827    4429.678
       6    0.080967   12.350771   77.602184    6022.099
       7    0.049200   20.325235  127.707220   16309.134
       8    0.038686   25.849457  162.416931   26379.259
       9    0.036773   27.193952  170.864639   29194.725
 Program ETABS Version 9.5.0.0                      File:ModificarSeccionTyL.OUT
                                                                            Page
                                                                              13

 M O D A L   P A R T I C I P A T I O N   F A C T O R S

 FOR UNIT ACCELERATION LOADS IN GLOBAL COORDINATES

    MODE      PERIOD          UX          UY          UZ
       1    0.429512   -8.283284    8.487784     .000000
       2    0.411565  -11.107070   -8.049016     .000000
       3    0.359558   -1.835836   10.310711     .000000
       4    0.103663    3.228921   -3.177636     .000000
       5    0.094405    3.814394    4.220463     .000000
       6    0.080967   -1.489109    3.783414     .000000
       7    0.049200    2.187724   -1.571889     .000000
       8    0.038686    5.528508    2.135874     .000000
       9    0.036773   -6.005036    1.455346     .000000
 Program ETABS Version 9.5.0.0                      File:ModificarSeccionTyL.OUT
                                                                            Page
                                                                              14

 M O D A L   P A R T I C I P A T I N G   M A S S   R A T I O S

    MODE      PERIOD    INDIVIDUAL MODE (PERCENT)     CUMULATIVE SUM (PERCENT)
                             UX       UY       UZ         UX       UY       UZ

       1    0.429512    23.2267  24.3877   0.0000    23.2267  24.3877   0.0000
       2    0.411565    41.7621  21.9315   0.0000    64.9888  46.3192   0.0000
       3    0.359558     1.1409  35.9882   0.0000    66.1297  82.3074   0.0000
       4    0.103663     3.5294   3.4182   0.0000    69.6591  85.7256   0.0000
       5    0.094405     4.9253   6.0298   0.0000    74.5844  91.7554   0.0000
       6    0.080967     0.7506   4.8456   0.0000    75.3350  96.6010   0.0000
       7    0.049200     1.6202   0.8364   0.0000    76.9552  97.4375   0.0000
       8    0.038686    10.3466   1.5443   0.0000    87.3019  98.9818   0.0000
       9    0.036773    12.2071   0.7170   0.0000    99.5090  99.6988   0.0000
 Program ETABS Version 9.5.0.0                      File:ModificarSeccionTyL.OUT
                                                                            Page
                                                                              15

 M O D A L   L O A D   P A R T I C I P A T I O N   R A T I O S

 LOAD, ACC, OR LINK/DEF        STATIC    DYNAMIC                       EFFECTIVE
        (TYPE)      (NAME)   (PERCENT)  (PERCENT)                         PERIOD

         LOAD    DEAD          0.9847 ->  0.0000<- (*) SEE NOTE         0.039414
         LOAD    LIVE          1.4012 ->  0.0000<- (*) SEE NOTE         0.045877
         LOAD    EX1         100.0000    99.8992                        0.419520
         LOAD    EX2         100.0000    99.8990                        0.414578
         LOAD    EY1          99.9998    99.9300                        0.405897
         LOAD    EY2          99.9998    99.9288                        0.394642
         LOAD    H            99.9971    98.6815                        0.269841
         LOAD    A             1.2223 ->  0.0000<- (*) SEE NOTE         0.031693
         LOAD    TRIBUTAR      1.6207 ->  0.0000<- (*) SEE NOTE         0.052040
         LOAD    SX            0.0000     0.0000                      -INFINITY-
         LOAD    SY            0.0000     0.0000                      -INFINITY-
          ACC          UX    100.0000    99.5090                        0.415607
          ACC          UY     99.9991    99.6988                        0.398338
          ACC          UZ      0.0000     0.0000                      -INFINITY-
          ACC          RX    100.0000    99.9983                        0.400524
          ACC          RY    100.0000    99.9996                        0.417379
          ACC          RZ     81.4398    99.8636                        0.782911

 (*) NOTE: DYNAMIC LOAD PARTICIPATION RATIO EXCLUDES LOAD APPLIED
           TO NON-MASS DEGREES OF FREEDOM
 Program ETABS Version 9.5.0.0                      File:ModificarSeccionTyL.OUT
                                                                            Page
                                                                              16

 G L O B A L   F O R C E   B A L A N C E

 TOTAL FORCE AND MOMENT AT THE ORIGIN, IN GLOBAL COORDINATES

 LOADDEAD     ------------------    

                  FX          FY          FZ          MX          MY          MZ
 APPLIED     .000000     .000000   -3001.839  -69971.844   56434.608     .000000
 INERTIA     .000000     .000000     .000000     .000000     .000000     .000000
 REACTNS   -7.22E-13   -1.07E-12    3001.839   69971.706  -56436.635   -0.000244
 CONSTRS   -0.143786    1.361860     .000000   -3.24E-12    2.55E-12   13.180923
 P-DELTA     .000000     .000000     .000000    0.137642    2.024634   -2.80E-19

   TOTAL   -0.143786    1.361860    2.73E-11   -0.000930   -0.002063   13.180678

 LOADLIVE     ------------------    

                  FX          FY          FZ          MX          MY          MZ
 APPLIED     .000000     .000000   -1692.865  -40237.554   31908.257     .000000
 INERTIA     .000000     .000000     .000000     .000000     .000000     .000000
 REACTNS   -6.54E-13   -1.48E-12    1692.865   40237.538  -31909.744   -7.64E-05
 CONSTRS   -0.419789    1.008030     .000000   -4.68E-12    5.69E-12   11.307170
 P-DELTA     .000000     .000000     .000000    0.015494    1.485101   -1.36E-19

   TOTAL   -0.419789    1.008030   -1.14E-12   -0.000242   -0.001487   11.307094

 LOADEX1      ------------------    

                  FX          FY          FZ          MX          MY          MZ
 APPLIED    1141.390     .000000     .000000     .000000    8038.301  -29214.783
 INERTIA     .000000     .000000     .000000     .000000     .000000     .000000
 REACTNS   -1141.390    6.53E-11    2.02E-11   -0.749576   -8102.459   29214.783
 CONSTRS    5.303635    1.720745     .000000    1.88E-10   -2.67E-11  -10.466656
 P-DELTA     .000000     .000000     .000000    0.745936   63.993838   -1.62E-17

   TOTAL    5.303635    1.720745    2.02E-11   -0.003640   -0.163388  -10.466086

 LOADEX2      ------------------    

                  FX          FY          FZ          MX          MY          MZ
 APPLIED    1141.390     .000000     .000000     .000000    8038.301  -23868.030
 INERTIA     .000000     .000000     .000000     .000000     .000000     .000000
 REACTNS   -1141.390   -1.95E-10    2.98E-11    0.364914   -8101.425   23868.032
 CONSTRS    4.474135    2.051866     .000000   -5.70E-10    8.06E-11   -3.455216
 P-DELTA     .000000     .000000     .000000   -0.336823   62.960189    5.32E-18

   TOTAL    4.474135    2.051866    2.98E-11    0.028091   -0.162948   -3.453092
 Program ETABS Version 9.5.0.0                      File:ModificarSeccionTyL.OUT
                                                                            Page
                                                                              17

 G L O B A L   F O R C E   B A L A N C E

 TOTAL FORCE AND MOMENT AT THE ORIGIN, IN GLOBAL COORDINATES

 LOADEY1      ------------------    

                  FX          FY          FZ          MX          MY          MZ
 APPLIED     .000000    1141.390     .000000   -8038.301     .000000   23674.882
 INERTIA     .000000     .000000     .000000     .000000     .000000     .000000
 REACTNS   -2.81E-11   -1141.390    1.11E-11    8102.879    1.067077  -23674.667
 CONSTRS   -1.011874  -28.013916     .000000   -1.13E-09    1.03E-11 -251.645944
 P-DELTA     .000000     .000000     .000000  -63.611224   -1.066121    2.25E-17

   TOTAL   -1.011874  -28.013916    1.11E-11    0.966195    0.000956 -251.430912

 LOADEY2      ------------------    

                  FX          FY          FZ          MX          MY          MZ
 APPLIED     .000000    1141.390     .000000   -8038.301     .000000   19431.863
 INERTIA     .000000     .000000     .000000     .000000     .000000     .000000
 REACTNS   -9.72E-12   -1141.390    2.90E-12    8101.993    0.244080  -19431.650
 CONSTRS   -0.354185  -28.275090     .000000   -5.23E-10    3.37E-12 -257.192460
 P-DELTA     .000000     .000000     .000000  -62.750421   -0.243469    5.38E-18

   TOTAL   -0.354185  -28.275090    2.90E-12    0.941003    0.000611 -256.978660

 LOADH        ------------------    

                  FX          FY          FZ          MX          MY          MZ
 APPLIED  835.059401     .000000     .000000     .000000    2861.848  -19669.060
 INERTIA     .000000     .000000     .000000     .000000     .000000     .000000
 REACTNS -835.059401    7.36E-12    1.15E-11   -0.058074   -2869.012   19669.060
 CONSTRS   -0.201855    0.127740     .000000    2.29E-11    8.91E-12    2.172365
 P-DELTA     .000000     .000000     .000000    0.057138    7.077167   -7.49E-19

   TOTAL   -0.201855    0.127740    1.15E-11   -0.000936   -0.087010    2.172319

 LOADA        ------------------    

                  FX          FY          FZ          MX          MY          MZ
 APPLIED     .000000     .000000 -177.407664   -4179.318    3340.747     .000000
 INERTIA     .000000     .000000     .000000     .000000     .000000     .000000
 REACTNS   -1.23E-13   -2.66E-13  177.407664    4179.318   -3340.900    1.74E-06
 CONSTRS   -0.024024    0.034768     .000000   -8.01E-13    8.67E-14    0.437135
 P-DELTA     .000000     .000000     .000000    0.000125    0.153300   -1.94E-22

   TOTAL   -0.024024    0.034768   -2.84E-14    3.60E-05   -5.45E-05    0.437137
 Program ETABS Version 9.5.0.0                      File:ModificarSeccionTyL.OUT
                                                                            Page
                                                                              18

 G L O B A L   F O R C E   B A L A N C E

 TOTAL FORCE AND MOMENT AT THE ORIGIN, IN GLOBAL COORDINATES

 LOADTRIBUTAR ------------------    

                  FX          FY          FZ          MX          MY          MZ
 APPLIED     .000000     .000000   -5264.968 -124133.550  100123.660     .000000
 INERTIA     .000000     .000000     .000000     .000000     .000000     .000000
 REACTNS   -1.67E-12   -4.21E-12    5264.968  124133.382 -100128.431   -0.000436
 CONSTRS   -1.627902    3.780936     .000000   -1.11E-11    5.51E-12   42.675825
 P-DELTA     .000000     .000000     .000000    0.166229    4.764767   -4.59E-19

   TOTAL   -1.627902    3.780936    3.64E-12   -0.001715   -0.005554   42.675390

 LOADSX       ------------------    

                  FX          FY          FZ          MX          MY          MZ
 APPLIED     .000000     .000000     .000000     .000000     .000000     .000000
 INERTIA     .000000     .000000     .000000     .000000     .000000     .000000
 REACTNS     .000000     .000000     .000000     .000000     .000000     .000000
 CONSTRS     .000000     .000000     .000000     .000000     .000000     .000000
 P-DELTA     .000000     .000000     .000000     .000000     .000000     .000000

   TOTAL     .000000     .000000     .000000     .000000     .000000     .000000

 LOADSY       ------------------    

                  FX          FY          FZ          MX          MY          MZ
 APPLIED     .000000     .000000     .000000     .000000     .000000     .000000
 INERTIA     .000000     .000000     .000000     .000000     .000000     .000000
 REACTNS     .000000     .000000     .000000     .000000     .000000     .000000
 CONSTRS     .000000     .000000     .000000     .000000     .000000     .000000
 P-DELTA     .000000     .000000     .000000     .000000     .000000     .000000

   TOTAL     .000000     .000000     .000000     .000000     .000000     .000000

 MODE       1 ------------------    

                  FX          FY          FZ          MX          MY          MZ
 APPLIED     .000000     .000000     .000000     .000000     .000000     .000000
 INERTIA   -1772.600    1816.362     .000000  -13246.430  -13852.677  110832.223
 REACTNS    1772.600   -1816.362    3.47E-11   13360.818   13977.920 -110831.866
 CONSTRS  -15.529898  -47.000926     .000000   -1.90E-06    7.62E-08 -354.455803
 P-DELTA     .000000     .000000     .000000 -112.641873 -124.972408    1.90E-16

   TOTAL  -15.529898  -47.000926    3.47E-11    1.745950    0.270606 -354.098801
 Program ETABS Version 9.5.0.0                      File:ModificarSeccionTyL.OUT
                                                                            Page
                                                                              19

 G L O B A L   F O R C E   B A L A N C E

 TOTAL FORCE AND MOMENT AT THE ORIGIN, IN GLOBAL COORDINATES

 MODE       2 ------------------    

                  FX          FY          FZ          MX          MY          MZ
 APPLIED     .000000     .000000     .000000     .000000     .000000     .000000
 INERTIA   -2588.701   -1875.967     .000000   13605.735  -20308.925    3699.022
 REACTNS    2588.701    1875.967   -1.13E-10  -13718.791   20474.354   -3699.391
 CONSTRS   -9.138594   40.488358     .000000   -2.95E-06   -7.18E-08  416.730863
 P-DELTA     .000000     .000000     .000000  111.296021 -165.039869   -9.99E-17

   TOTAL   -9.138594   40.488359   -1.13E-10   -1.759666    0.389055  416.361498

 MODE       3 ------------------    

                  FX          FY          FZ          MX          MY          MZ
 APPLIED     .000000     .000000     .000000     .000000     .000000     .000000
 INERTIA -560.602980    3148.547     .000000  -22643.476   -4448.430    8999.788
 REACTNS  560.602980   -3148.547   -1.14E-10   22810.451    4474.185   -8999.206
 CONSTRS    4.715191  -81.864682     .000000   -1.48E-06    6.13E-08 -771.614537
 P-DELTA     .000000     .000000     .000000 -164.700299  -25.671510   -2.38E-16

   TOTAL    4.715191  -81.864682   -1.14E-10    2.275369    0.084099 -771.032582

 MODE       4 ------------------    

                  FX          FY          FZ          MX          MY          MZ
 APPLIED     .000000     .000000     .000000     .000000     .000000     .000000
 INERTIA   11862.337  -11673.928     .000000    8655.671   36187.776 -780272.294
 REACTNS  -11862.337   11673.929   -1.65E-10   -8693.125  -36230.755  780271.037
 CONSTRS   92.620895  211.800373     .000000   -0.003856   -0.000190    1485.660
 P-DELTA     .000000     .000000     .000000   31.336203   41.384869    1.45E-17

   TOTAL   92.621272  211.801320   -1.65E-10   -6.122079   -1.593856    1484.403

 MODE       5 ------------------    

                  FX          FY          FZ          MX          MY          MZ
 APPLIED     .000000     .000000     .000000     .000000     .000000     .000000
 INERTIA   16896.536   18695.293     .000000  -17139.782   48846.079  121343.837
 REACTNS  -16896.537  -18695.298    4.96E-10   17193.140  -48897.125 -121342.022
 CONSTRS  -17.098492 -357.013981     .000000    0.019463    0.000177   -3187.276
 P-DELTA     .000000     .000000     .000000  -45.146411   49.128079   -8.52E-19

   TOTAL  -17.099138 -357.018959    4.96E-10    8.231233   -1.917792   -3185.461
 Program ETABS Version 9.5.0.0                      File:ModificarSeccionTyL.OUT
                                                                            Page
                                                                              20

 G L O B A L   F O R C E   B A L A N C E

 TOTAL FORCE AND MOMENT AT THE ORIGIN, IN GLOBAL COORDINATES

 MODE       6 ------------------    

                  FX          FY          FZ          MX          MY          MZ
 APPLIED     .000000     .000000     .000000     .000000     .000000     .000000
 INERTIA   -8967.560   22784.096     .000000  -24456.154  -24612.215   10599.913
 REACTNS    8967.533  -22784.102   -6.81E-10   24512.049   24632.539  -10597.239
 CONSTRS   95.014622 -654.679753     .000000   -0.014569   -0.062781   -6456.100
 P-DELTA     .000000     .000000     .000000  -49.373402  -19.524868    2.18E-17

   TOTAL   94.987332 -654.684970   -6.81E-10    6.506918    0.736963   -6453.425

 MODE       7 ------------------    

                  FX          FY          FZ          MX          MY          MZ
 APPLIED     .000000     .000000     .000000     .000000     .000000     .000000
 INERTIA   35679.889  -25636.152     .000000   35833.795  112322.038 -2.4197E+06
 REACTNS  -35679.899   25636.145   -3.35E-10  -35852.006 -112353.493  2.4197E+06
 CONSTRS  249.005752  139.149683     .000000    0.037738   -0.040245   52.999254
 P-DELTA     .000000     .000000     .000000   10.058368   27.405391    2.39E-17

   TOTAL  248.995722  139.142545   -3.35E-10   -8.115631   -4.089922   51.634303

 MODE       8 ------------------    

                  FX          FY          FZ          MX          MY          MZ
 APPLIED     .000000     .000000     .000000     .000000     .000000     .000000
 INERTIA  145837.948   56342.767     .000000  -75041.815  410911.232 -2.9497E+06
 REACTNS -145837.718  -56342.919    1.55E-09   75074.128 -410991.060  2.9497E+06
 CONSTRS -132.604233   -1394.890     .000000   -0.850676    0.597141  -12119.609
 P-DELTA     .000000     .000000     .000000  -22.752979   66.156015    9.33E-18

   TOTAL -132.374283   -1395.042    1.55E-09    8.710028  -13.075203  -12128.995

 MODE       9 ------------------    

                  FX          FY          FZ          MX          MY          MZ
 APPLIED     .000000     .000000     .000000     .000000     .000000     .000000
 INERTIA -175315.362   42488.430     .000000  -56164.134 -480462.282  3.9121E+06
 REACTNS  175315.608  -42488.546   -2.65E-09   56187.366  480548.949 -3.9121E+06
 CONSTRS  479.723025   -1170.739     .000000   -0.448815    0.490439  -13095.807
 P-DELTA     .000000     .000000     .000000  -16.989868  -70.889883    1.50E-17

   TOTAL  479.969328   -1170.855   -2.65E-09    5.792796   16.267324  -13106.280
 Program ETABS Version 9.5.0.0                      File:ModificarSeccionTyL.OUT
                                                                            Page
                                                                              21

 G L O B A L   F O R C E   B A L A N C E

 TOTAL FORCE AND MOMENT AT THE ORIGIN, IN GLOBAL COORDINATES

 SPECSX       ------------------    

                  FX          FY          FZ          MX          MY          MZ
 APPLIED     .000000     .000000     .000000     .000000     .000000     .000000
 INERTIA  863.745491  210.866415     .000000    1449.839    6407.327   20573.705
 REACTNS  863.745494  210.866431    2.04E-11    1461.809    6460.507   20573.706
 CONSTRS    4.351692    4.769890     .000000    0.000519    0.000336   47.196332
 P-DELTA     .000000     .000000     .000000   11.818336   53.481070    1.91E-17

   TOTAL    4.351696    4.769907    2.04E-11    0.188417    0.125782   47.158786

 SPECSY       ------------------    

                  FX          FY          FZ          MX          MY          MZ
 APPLIED     .000000     .000000     .000000     .000000     .000000     .000000
 INERTIA  217.668453  878.973893     .000000    6269.769    1631.156   19973.527
 REACTNS  217.668442  878.973901    2.39E-11    6320.023    1644.065   19973.389
 CONSTRS    1.878592   21.661835     .000000    0.000407    0.000358  196.501485
 P-DELTA     .000000     .000000     .000000   49.579442   13.174518    5.09E-17

   TOTAL    1.878587   21.661843    2.39E-11    0.746011    0.031935  196.335881
